#-----------------------------------------------------------
# Vivado v2022.2 (64-bit)
# SW Build 3671981 on Fri Oct 14 05:00:03 MDT 2022
# IP Build 3669848 on Fri Oct 14 08:30:02 MDT 2022
# Start of session at: Sun Jun  4 12:14:55 2023
# Process ID: 33344
# Current directory: E:/FPGA/nowone/SnakeGame
# Command line: vivado.exe -gui_launcher_event rodinguilauncherevent14348 E:\FPGA\nowone\SnakeGame\SnakeGame.xpr
# Log file: E:/FPGA/nowone/SnakeGame/vivado.log
# Journal file: E:/FPGA/nowone/SnakeGame\vivado.jou
# Running On: LAPTOP-LQ37KROC, OS: Windows, CPU Frequency: 3194 MHz, CPU Physical cores: 16, Host memory: 29909 MB
#-----------------------------------------------------------
start_gui
open_project E:/FPGA/nowone/SnakeGame/SnakeGame.xpr
WARNING: [Board 49-26] cannot add Board Part xilinx.com:vck190:part0:2.2 available at E:/Xilinx/Vivado/2022.2/data/xhub/boards/XilinxBoardStore/boards/Xilinx/vck190/production/2.2/board.xml as part xcvc1902-vsva2197-2mp-e-s specified in board_part file is either invalid or not available
WARNING: [Board 49-26] cannot add Board Part xilinx.com:vck190:part0:3.0 available at E:/Xilinx/Vivado/2022.2/data/xhub/boards/XilinxBoardStore/boards/Xilinx/vck190/production/3.0/board.xml as part xcvc1902-vsva2197-2mp-e-s specified in board_part file is either invalid or not available
WARNING: [Board 49-26] cannot add Board Part xilinx.com:vck190:part0:3.1 available at E:/Xilinx/Vivado/2022.2/data/xhub/boards/XilinxBoardStore/boards/Xilinx/vck190/production/3.1/board.xml as part xcvc1902-vsva2197-2mp-e-s specified in board_part file is either invalid or not available
WARNING: [Board 49-26] cannot add Board Part xilinx.com:vck190_newl:part0:1.0 available at E:/Xilinx/Vivado/2022.2/data/xhub/boards/XilinxBoardStore/boards/Xilinx/vck190_newl/production/1.0/board.xml as part xcvc1902-vsva2197-2mp-e-s specified in board_part file is either invalid or not available
WARNING: [Board 49-26] cannot add Board Part xilinx.com:vek280_es:part0:1.0 available at E:/Xilinx/Vivado/2022.2/data/xhub/boards/XilinxBoardStore/boards/Xilinx/vek280/es/1.0/board.xml as part xcve2802-vsvh1760-2lp-e-s-es1 specified in board_part file is either invalid or not available
WARNING: [Board 49-26] cannot add Board Part xilinx.com:vhk158_es:part0:1.0 available at E:/Xilinx/Vivado/2022.2/data/xhub/boards/XilinxBoardStore/boards/Xilinx/vhk158/es/1.0/board.xml as part xcvh1582-vsva3697-2mp-e-s-es1 specified in board_part file is either invalid or not available
WARNING: [Board 49-26] cannot add Board Part xilinx.com:vmk180:part0:2.2 available at E:/Xilinx/Vivado/2022.2/data/xhub/boards/XilinxBoardStore/boards/Xilinx/vmk180/production/2.2/board.xml as part xcvm1802-vsva2197-2mp-e-s specified in board_part file is either invalid or not available
WARNING: [Board 49-26] cannot add Board Part xilinx.com:vmk180:part0:3.0 available at E:/Xilinx/Vivado/2022.2/data/xhub/boards/XilinxBoardStore/boards/Xilinx/vmk180/production/3.0/board.xml as part xcvm1802-vsva2197-2mp-e-s specified in board_part file is either invalid or not available
WARNING: [Board 49-26] cannot add Board Part xilinx.com:vmk180:part0:3.1 available at E:/Xilinx/Vivado/2022.2/data/xhub/boards/XilinxBoardStore/boards/Xilinx/vmk180/production/3.1/board.xml as part xcvm1802-vsva2197-2mp-e-s specified in board_part file is either invalid or not available
WARNING: [Board 49-26] cannot add Board Part xilinx.com:vmk180_newl:part0:1.0 available at E:/Xilinx/Vivado/2022.2/data/xhub/boards/XilinxBoardStore/boards/Xilinx/vmk180_newl/production/1.0/board.xml as part xcvm1802-vsva2197-2mp-e-s specified in board_part file is either invalid or not available
WARNING: [Board 49-26] cannot add Board Part xilinx.com:vpk120:part0:1.0 available at E:/Xilinx/Vivado/2022.2/data/xhub/boards/XilinxBoardStore/boards/Xilinx/vpk120/production/1.0/board.xml as part xcvp1202-vsva2785-2mp-e-s specified in board_part file is either invalid or not available
WARNING: [Board 49-26] cannot add Board Part xilinx.com:vpk120_es:part0:1.2 available at E:/Xilinx/Vivado/2022.2/data/xhub/boards/XilinxBoardStore/boards/Xilinx/vpk120/es/1.2/board.xml as part xcvp1202-vsva2785-2mp-e-s-es1 specified in board_part file is either invalid or not available
WARNING: [Board 49-26] cannot add Board Part xilinx.com:vpk120_es_revb:part0:1.0 available at E:/Xilinx/Vivado/2022.2/data/xhub/boards/XilinxBoardStore/boards/Xilinx/vpk120_revb/es/1.0/board.xml as part xcvp1202-vsva2785-2mp-e-s-es1 specified in board_part file is either invalid or not available
WARNING: [Board 49-26] cannot add Board Part xilinx.com:vpk180_es:part0:1.0 available at E:/Xilinx/Vivado/2022.2/data/xhub/boards/XilinxBoardStore/boards/Xilinx/vpk180/es/1.0/board.xml as part xcvp1802-lsvc4072-2mp-e-s-es1 specified in board_part file is either invalid or not available
WARNING: [Board 49-26] cannot add Board Part xilinx.com:zcu208ld:part0:2.0 available at E:/Xilinx/Vivado/2022.2/data/xhub/boards/XilinxBoardStore/boards/Xilinx/zcu208ld/production/2.0/board.xml as part xczu58dr-fsvg1517-2-i specified in board_part file is either invalid or not available
WARNING: [Board 49-26] cannot add Board Part xilinx.com:zcu216ld:part0:2.0 available at E:/Xilinx/Vivado/2022.2/data/xhub/boards/XilinxBoardStore/boards/Xilinx/zcu216ld/production/2.0/board.xml as part xczu59dr-ffvf1760-2-i specified in board_part file is either invalid or not available
WARNING: [Board 49-26] cannot add Board Part xilinx.com:zcu670:part0:2.0 available at E:/Xilinx/Vivado/2022.2/data/xhub/boards/XilinxBoardStore/boards/Xilinx/zcu670/2.0/board.xml as part xczu67dr-fsve1156-2-i specified in board_part file is either invalid or not available
WARNING: [Board 49-26] cannot add Board Part xilinx.com:zcu670ld:part0:1.0 available at E:/Xilinx/Vivado/2022.2/data/xhub/boards/XilinxBoardStore/boards/Xilinx/zcu670ld/1.0/board.xml as part xczu57dr-fsve1156-2-i specified in board_part file is either invalid or not available
INFO: [Project 1-313] Project file moved from 'C:/Users/Leonhardt/AppData/Roaming/Xilinx/Vivado/.Xil/Vivado-11232-Apocalypse/PrjAr/_X_' since last save.
Scanning sources...
Finished scanning sources
INFO: [IP_Flow 19-234] Refreshing IP repositories
INFO: [IP_Flow 19-1704] No user IP repositories specified
INFO: [IP_Flow 19-2313] Loaded Vivado IP repository 'E:/Xilinx/Vivado/2022.2/data/ip'.
open_project: Time (s): cpu = 00:00:20 ; elapsed = 00:00:08 . Memory (MB): peak = 1206.332 ; gain = 230.836
update_compile_order -fileset sources_1
open_run impl_1
INFO: [Device 21-403] Loading part xc7a35tcpg236-1
Netlist sorting complete. Time (s): cpu = 00:00:00 ; elapsed = 00:00:00.068 . Memory (MB): peak = 1607.758 ; gain = 0.000
INFO: [Netlist 29-17] Analyzing 2001 Unisim elements for replacement
INFO: [Netlist 29-28] Unisim Transformation completed in 3 CPU seconds
INFO: [Project 1-479] Netlist was created with Vivado 2022.2
INFO: [Project 1-570] Preparing netlist for logic optimization
WARNING: [Constraints 18-550] Could not create 'IBUF_LOW_PWR' constraint because net 'clk_div/clk_in1' is not directly connected to top level port. Synthesis is ignored for IBUF_LOW_PWR but preserved for implementation.
WARNING: [Constraints 18-550] Could not create 'IBUF_LOW_PWR' constraint because net 'game/clk_1/clk_in1' is not directly connected to top level port. Synthesis is ignored for IBUF_LOW_PWR but preserved for implementation.
INFO: [Timing 38-478] Restoring timing data from binary archive.
INFO: [Timing 38-479] Binary timing data restore complete.
INFO: [Project 1-856] Restoring constraints from binary archive.
INFO: [Project 1-853] Binary constraint restore complete.
Reading XDEF placement.
Reading placer database...
Reading XDEF routing.
Read XDEF Files: Time (s): cpu = 00:00:01 ; elapsed = 00:00:00.981 . Memory (MB): peak = 2292.152 ; gain = 1.738
Restored from archive | CPU: 1.000000 secs | Memory: 0.000000 MB |
Finished XDEF File Restore: Time (s): cpu = 00:00:01 ; elapsed = 00:00:00.982 . Memory (MB): peak = 2292.152 ; gain = 1.738
Netlist sorting complete. Time (s): cpu = 00:00:00 ; elapsed = 00:00:00.004 . Memory (MB): peak = 2292.152 ; gain = 0.000
INFO: [Project 1-111] Unisim Transformation Summary:
  A total of 641 instances were transformed.
  IOBUF => IOBUF (IBUF, OBUFT): 1 instance 
  RAM64M => RAM64M (RAMD64E(x4)): 640 instances

open_run: Time (s): cpu = 00:00:28 ; elapsed = 00:00:18 . Memory (MB): peak = 2442.125 ; gain = 1200.688
CRITICAL WARNING: [Timing 38-282] The design failed to meet the timing requirements. Please see the timing summary report for details on the timing violations.
report_timing_summary -delay_type min_max -report_unconstrained -check_timing_verbose -max_paths 10 -input_pins -routable_nets -name timing_1
INFO: [Timing 38-91] UpdateTimingParams: Speed grade: -1, Delay Type: min_max.
INFO: [Timing 38-191] Multithreading enabled for timing update using a maximum of 2 CPUs
close_design
close [ open E:/FPGA/nowone/SnakeGame/SnakeGame.srcs/sources_1/new/state.v w ]
add_files E:/FPGA/nowone/SnakeGame/SnakeGame.srcs/sources_1/new/state.v
update_compile_order -fileset sources_1
update_compile_order -fileset sources_1
update_compile_order -fileset sources_1
close [ open E:/FPGA/nowone/SnakeGame/SnakeGame.srcs/sources_1/new/vga_gen.v w ]
add_files E:/FPGA/nowone/SnakeGame/SnakeGame.srcs/sources_1/new/vga_gen.v
update_compile_order -fileset sources_1
WARNING: [IP_Flow 19-4067] Ignoring invalid widget type specified checkbox.Providing a default widget
WARNING: [IP_Flow 19-4067] Ignoring invalid widget type specified checkbox.Providing a default widget
create_ip -name blk_mem_gen -vendor xilinx.com -library ip -version 8.4 -module_name blk_mem_gen_3
set_property -dict [list \
  CONFIG.Memory_Type {Single_Port_ROM} \
  CONFIG.Write_Depth_A {65536} \
  CONFIG.Write_Width_A {12} \
] [get_ips blk_mem_gen_3]
generate_target {instantiation_template} [get_files e:/FPGA/nowone/SnakeGame/SnakeGame.srcs/sources_1/ip/blk_mem_gen_3/blk_mem_gen_3.xci]
INFO: [IP_Flow 19-1686] Generating 'Instantiation Template' target for IP 'blk_mem_gen_3'...
generate_target all [get_files  e:/FPGA/nowone/SnakeGame/SnakeGame.srcs/sources_1/ip/blk_mem_gen_3/blk_mem_gen_3.xci]
INFO: [IP_Flow 19-1686] Generating 'Synthesis' target for IP 'blk_mem_gen_3'...
INFO: [IP_Flow 19-1686] Generating 'Simulation' target for IP 'blk_mem_gen_3'...
INFO: [IP_Flow 19-1686] Generating 'Miscellaneous' target for IP 'blk_mem_gen_3'...
INFO: [IP_Flow 19-1686] Generating 'Change Log' target for IP 'blk_mem_gen_3'...
catch { config_ip_cache -export [get_ips -all blk_mem_gen_3] }
INFO: [IP_Flow 19-6924] IPCACHE: Running cache check for IP inst: blk_mem_gen_3
export_ip_user_files -of_objects [get_files e:/FPGA/nowone/SnakeGame/SnakeGame.srcs/sources_1/ip/blk_mem_gen_3/blk_mem_gen_3.xci] -no_script -sync -force -quiet
create_ip_run [get_files -of_objects [get_fileset sources_1] e:/FPGA/nowone/SnakeGame/SnakeGame.srcs/sources_1/ip/blk_mem_gen_3/blk_mem_gen_3.xci]
launch_runs blk_mem_gen_3_synth_1 -jobs 16
INFO: [IP_Flow 19-6924] IPCACHE: Running cache check for IP inst: blk_mem_gen_3
[Sun Jun  4 12:32:31 2023] Launched blk_mem_gen_3_synth_1...
Run output will be captured here: E:/FPGA/nowone/SnakeGame/SnakeGame.runs/blk_mem_gen_3_synth_1/runme.log
export_simulation -of_objects [get_files e:/FPGA/nowone/SnakeGame/SnakeGame.srcs/sources_1/ip/blk_mem_gen_3/blk_mem_gen_3.xci] -directory E:/FPGA/nowone/SnakeGame/SnakeGame.ip_user_files/sim_scripts -ip_user_files_dir E:/FPGA/nowone/SnakeGame/SnakeGame.ip_user_files -ipstatic_source_dir E:/FPGA/nowone/SnakeGame/SnakeGame.ip_user_files/ipstatic -lib_map_path [list {modelsim=E:/FPGA/nowone/SnakeGame/SnakeGame.cache/compile_simlib/modelsim} {questa=E:/FPGA/nowone/SnakeGame/SnakeGame.cache/compile_simlib/questa} {riviera=E:/FPGA/nowone/SnakeGame/SnakeGame.cache/compile_simlib/riviera} {activehdl=E:/FPGA/nowone/SnakeGame/SnakeGame.cache/compile_simlib/activehdl}] -use_ip_compiled_libs -force -quiet
WARNING: [IP_Flow 19-4067] Ignoring invalid widget type specified checkbox.Providing a default widget
WARNING: [IP_Flow 19-4067] Ignoring invalid widget type specified checkbox.Providing a default widget
create_ip -name blk_mem_gen -vendor xilinx.com -library ip -version 8.4 -module_name blk_mem_gen_4
set_property -dict [list \
  CONFIG.Memory_Type {Single_Port_ROM} \
  CONFIG.Write_Depth_A {65536} \
  CONFIG.Write_Width_A {12} \
] [get_ips blk_mem_gen_4]
generate_target {instantiation_template} [get_files e:/FPGA/nowone/SnakeGame/SnakeGame.srcs/sources_1/ip/blk_mem_gen_4/blk_mem_gen_4.xci]
INFO: [IP_Flow 19-1686] Generating 'Instantiation Template' target for IP 'blk_mem_gen_4'...
generate_target all [get_files  e:/FPGA/nowone/SnakeGame/SnakeGame.srcs/sources_1/ip/blk_mem_gen_4/blk_mem_gen_4.xci]
INFO: [IP_Flow 19-1686] Generating 'Synthesis' target for IP 'blk_mem_gen_4'...
INFO: [IP_Flow 19-1686] Generating 'Simulation' target for IP 'blk_mem_gen_4'...
INFO: [IP_Flow 19-1686] Generating 'Miscellaneous' target for IP 'blk_mem_gen_4'...
INFO: [IP_Flow 19-1686] Generating 'Change Log' target for IP 'blk_mem_gen_4'...
catch { config_ip_cache -export [get_ips -all blk_mem_gen_4] }
INFO: [IP_Flow 19-6924] IPCACHE: Running cache check for IP inst: blk_mem_gen_4
export_ip_user_files -of_objects [get_files e:/FPGA/nowone/SnakeGame/SnakeGame.srcs/sources_1/ip/blk_mem_gen_4/blk_mem_gen_4.xci] -no_script -sync -force -quiet
create_ip_run [get_files -of_objects [get_fileset sources_1] e:/FPGA/nowone/SnakeGame/SnakeGame.srcs/sources_1/ip/blk_mem_gen_4/blk_mem_gen_4.xci]
launch_runs blk_mem_gen_4_synth_1 -jobs 16
INFO: [IP_Flow 19-6924] IPCACHE: Running cache check for IP inst: blk_mem_gen_4
[Sun Jun  4 12:32:59 2023] Launched blk_mem_gen_4_synth_1...
Run output will be captured here: E:/FPGA/nowone/SnakeGame/SnakeGame.runs/blk_mem_gen_4_synth_1/runme.log
export_simulation -of_objects [get_files e:/FPGA/nowone/SnakeGame/SnakeGame.srcs/sources_1/ip/blk_mem_gen_4/blk_mem_gen_4.xci] -directory E:/FPGA/nowone/SnakeGame/SnakeGame.ip_user_files/sim_scripts -ip_user_files_dir E:/FPGA/nowone/SnakeGame/SnakeGame.ip_user_files -ipstatic_source_dir E:/FPGA/nowone/SnakeGame/SnakeGame.ip_user_files/ipstatic -lib_map_path [list {modelsim=E:/FPGA/nowone/SnakeGame/SnakeGame.cache/compile_simlib/modelsim} {questa=E:/FPGA/nowone/SnakeGame/SnakeGame.cache/compile_simlib/questa} {riviera=E:/FPGA/nowone/SnakeGame/SnakeGame.cache/compile_simlib/riviera} {activehdl=E:/FPGA/nowone/SnakeGame/SnakeGame.cache/compile_simlib/activehdl}] -use_ip_compiled_libs -force -quiet
WARNING: [IP_Flow 19-4067] Ignoring invalid widget type specified checkbox.Providing a default widget
WARNING: [IP_Flow 19-4067] Ignoring invalid widget type specified checkbox.Providing a default widget
create_ip -name blk_mem_gen -vendor xilinx.com -library ip -version 8.4 -module_name blk_mem_gen_5
set_property -dict [list \
  CONFIG.Memory_Type {Single_Port_ROM} \
  CONFIG.Write_Depth_A {65536} \
  CONFIG.Write_Width_A {12} \
] [get_ips blk_mem_gen_5]
generate_target {instantiation_template} [get_files e:/FPGA/nowone/SnakeGame/SnakeGame.srcs/sources_1/ip/blk_mem_gen_5/blk_mem_gen_5.xci]
INFO: [IP_Flow 19-1686] Generating 'Instantiation Template' target for IP 'blk_mem_gen_5'...
generate_target all [get_files  e:/FPGA/nowone/SnakeGame/SnakeGame.srcs/sources_1/ip/blk_mem_gen_5/blk_mem_gen_5.xci]
INFO: [IP_Flow 19-1686] Generating 'Synthesis' target for IP 'blk_mem_gen_5'...
INFO: [IP_Flow 19-1686] Generating 'Simulation' target for IP 'blk_mem_gen_5'...
INFO: [IP_Flow 19-1686] Generating 'Miscellaneous' target for IP 'blk_mem_gen_5'...
INFO: [IP_Flow 19-1686] Generating 'Change Log' target for IP 'blk_mem_gen_5'...
catch { config_ip_cache -export [get_ips -all blk_mem_gen_5] }
INFO: [IP_Flow 19-6924] IPCACHE: Running cache check for IP inst: blk_mem_gen_5
export_ip_user_files -of_objects [get_files e:/FPGA/nowone/SnakeGame/SnakeGame.srcs/sources_1/ip/blk_mem_gen_5/blk_mem_gen_5.xci] -no_script -sync -force -quiet
create_ip_run [get_files -of_objects [get_fileset sources_1] e:/FPGA/nowone/SnakeGame/SnakeGame.srcs/sources_1/ip/blk_mem_gen_5/blk_mem_gen_5.xci]
launch_runs blk_mem_gen_5_synth_1 -jobs 16
INFO: [IP_Flow 19-6924] IPCACHE: Running cache check for IP inst: blk_mem_gen_5
[Sun Jun  4 12:33:16 2023] Launched blk_mem_gen_5_synth_1...
Run output will be captured here: E:/FPGA/nowone/SnakeGame/SnakeGame.runs/blk_mem_gen_5_synth_1/runme.log
export_simulation -of_objects [get_files e:/FPGA/nowone/SnakeGame/SnakeGame.srcs/sources_1/ip/blk_mem_gen_5/blk_mem_gen_5.xci] -directory E:/FPGA/nowone/SnakeGame/SnakeGame.ip_user_files/sim_scripts -ip_user_files_dir E:/FPGA/nowone/SnakeGame/SnakeGame.ip_user_files -ipstatic_source_dir E:/FPGA/nowone/SnakeGame/SnakeGame.ip_user_files/ipstatic -lib_map_path [list {modelsim=E:/FPGA/nowone/SnakeGame/SnakeGame.cache/compile_simlib/modelsim} {questa=E:/FPGA/nowone/SnakeGame/SnakeGame.cache/compile_simlib/questa} {riviera=E:/FPGA/nowone/SnakeGame/SnakeGame.cache/compile_simlib/riviera} {activehdl=E:/FPGA/nowone/SnakeGame/SnakeGame.cache/compile_simlib/activehdl}] -use_ip_compiled_libs -force -quiet
WARNING: [IP_Flow 19-4067] Ignoring invalid widget type specified checkbox.Providing a default widget
WARNING: [IP_Flow 19-4067] Ignoring invalid widget type specified checkbox.Providing a default widget
WARNING: [IP_Flow 19-4067] Ignoring invalid widget type specified checkbox.Providing a default widget
WARNING: [IP_Flow 19-4067] Ignoring invalid widget type specified checkbox.Providing a default widget
WARNING: [IP_Flow 19-4067] Ignoring invalid widget type specified checkbox.Providing a default widget
WARNING: [IP_Flow 19-4067] Ignoring invalid widget type specified checkbox.Providing a default widget
update_compile_order -fileset sources_1
update_compile_order -fileset sources_1
reset_run synth_1
INFO: [Project 1-1161] Replacing file E:/FPGA/nowone/SnakeGame/SnakeGame.srcs/utils_1/imports/synth_1/track_update.dcp with file E:/FPGA/nowone/SnakeGame/SnakeGame.runs/synth_1/direction_judgement_top.dcp
launch_runs impl_1 -jobs 16
[Sun Jun  4 12:39:46 2023] Launched synth_1...
Run output will be captured here: E:/FPGA/nowone/SnakeGame/SnakeGame.runs/synth_1/runme.log
[Sun Jun  4 12:39:46 2023] Launched impl_1...
Run output will be captured here: E:/FPGA/nowone/SnakeGame/SnakeGame.runs/impl_1/runme.log
reset_run synth_1
WARNING: [Vivado 12-1017] Problems encountered:
1. Failed to delete one or more files in run directory E:/FPGA/nowone/SnakeGame/SnakeGame.runs/synth_1

launch_runs synth_1 -jobs 16
[Sun Jun  4 12:40:35 2023] Launched synth_1...
Run output will be captured here: E:/FPGA/nowone/SnakeGame/SnakeGame.runs/synth_1/runme.log
launch_runs impl_1 -jobs 16
[Sun Jun  4 12:41:50 2023] Launched impl_1...
Run output will be captured here: E:/FPGA/nowone/SnakeGame/SnakeGame.runs/impl_1/runme.log
reset_run synth_1
INFO: [Project 1-1161] Replacing file E:/FPGA/nowone/SnakeGame/SnakeGame.srcs/utils_1/imports/synth_1/track_update.dcp with file E:/FPGA/nowone/SnakeGame/SnakeGame.runs/synth_1/direction_judgement_top.dcp
launch_runs impl_1 -jobs 16
[Sun Jun  4 12:44:11 2023] Launched synth_1...
Run output will be captured here: E:/FPGA/nowone/SnakeGame/SnakeGame.runs/synth_1/runme.log
[Sun Jun  4 12:44:11 2023] Launched impl_1...
Run output will be captured here: E:/FPGA/nowone/SnakeGame/SnakeGame.runs/impl_1/runme.log
create_ip -name dist_mem_gen -vendor xilinx.com -library ip -version 8.0 -module_name dist_mem_gen_3
set_property -dict [list \
  CONFIG.data_width {12} \
  CONFIG.depth {65536} \
] [get_ips dist_mem_gen_3]
generate_target {instantiation_template} [get_files e:/FPGA/nowone/SnakeGame/SnakeGame.srcs/sources_1/ip/dist_mem_gen_3/dist_mem_gen_3.xci]
INFO: [IP_Flow 19-1686] Generating 'Instantiation Template' target for IP 'dist_mem_gen_3'...
update_compile_order -fileset sources_1
generate_target all [get_files  e:/FPGA/nowone/SnakeGame/SnakeGame.srcs/sources_1/ip/dist_mem_gen_3/dist_mem_gen_3.xci]
INFO: [IP_Flow 19-1686] Generating 'Synthesis' target for IP 'dist_mem_gen_3'...
INFO: [IP_Flow 19-1686] Generating 'Simulation' target for IP 'dist_mem_gen_3'...
INFO: [IP_Flow 19-1686] Generating 'Change Log' target for IP 'dist_mem_gen_3'...
catch { config_ip_cache -export [get_ips -all dist_mem_gen_3] }
INFO: [IP_Flow 19-6924] IPCACHE: Running cache check for IP inst: dist_mem_gen_3
export_ip_user_files -of_objects [get_files e:/FPGA/nowone/SnakeGame/SnakeGame.srcs/sources_1/ip/dist_mem_gen_3/dist_mem_gen_3.xci] -no_script -sync -force -quiet
create_ip_run [get_files -of_objects [get_fileset sources_1] e:/FPGA/nowone/SnakeGame/SnakeGame.srcs/sources_1/ip/dist_mem_gen_3/dist_mem_gen_3.xci]
launch_runs dist_mem_gen_3_synth_1 -jobs 16
INFO: [IP_Flow 19-6924] IPCACHE: Running cache check for IP inst: dist_mem_gen_3
[Sun Jun  4 12:47:36 2023] Launched dist_mem_gen_3_synth_1...
Run output will be captured here: E:/FPGA/nowone/SnakeGame/SnakeGame.runs/dist_mem_gen_3_synth_1/runme.log
export_simulation -of_objects [get_files e:/FPGA/nowone/SnakeGame/SnakeGame.srcs/sources_1/ip/dist_mem_gen_3/dist_mem_gen_3.xci] -directory E:/FPGA/nowone/SnakeGame/SnakeGame.ip_user_files/sim_scripts -ip_user_files_dir E:/FPGA/nowone/SnakeGame/SnakeGame.ip_user_files -ipstatic_source_dir E:/FPGA/nowone/SnakeGame/SnakeGame.ip_user_files/ipstatic -lib_map_path [list {modelsim=E:/FPGA/nowone/SnakeGame/SnakeGame.cache/compile_simlib/modelsim} {questa=E:/FPGA/nowone/SnakeGame/SnakeGame.cache/compile_simlib/questa} {riviera=E:/FPGA/nowone/SnakeGame/SnakeGame.cache/compile_simlib/riviera} {activehdl=E:/FPGA/nowone/SnakeGame/SnakeGame.cache/compile_simlib/activehdl}] -use_ip_compiled_libs -force -quiet
set_property CONFIG.data_width {12} [get_ips dist_mem_gen_2]
generate_target all [get_files  E:/FPGA/nowone/SnakeGame/SnakeGame.srcs/sources_1/ip/dist_mem_gen_2/dist_mem_gen_2.xci]
INFO: [IP_Flow 19-1686] Generating 'Instantiation Template' target for IP 'dist_mem_gen_2'...
INFO: [IP_Flow 19-1686] Generating 'Synthesis' target for IP 'dist_mem_gen_2'...
INFO: [IP_Flow 19-1686] Generating 'Simulation' target for IP 'dist_mem_gen_2'...
INFO: [IP_Flow 19-1686] Generating 'Change Log' target for IP 'dist_mem_gen_2'...
catch { config_ip_cache -export [get_ips -all dist_mem_gen_2] }
INFO: [IP_Flow 19-6924] IPCACHE: Running cache check for IP inst: dist_mem_gen_2
export_ip_user_files -of_objects [get_files E:/FPGA/nowone/SnakeGame/SnakeGame.srcs/sources_1/ip/dist_mem_gen_2/dist_mem_gen_2.xci] -no_script -sync -force -quiet
reset_run dist_mem_gen_2_synth_1
WARNING: [Vivado 12-1017] Problems encountered:
1. Failed to delete one or more files in run directory E:/FPGA/nowone/SnakeGame/SnakeGame.runs/dist_mem_gen_2_synth_1

launch_runs dist_mem_gen_2_synth_1 -jobs 16
INFO: [IP_Flow 19-6924] IPCACHE: Running cache check for IP inst: dist_mem_gen_2
[Sun Jun  4 12:47:59 2023] Launched dist_mem_gen_2_synth_1...
Run output will be captured here: E:/FPGA/nowone/SnakeGame/SnakeGame.runs/dist_mem_gen_2_synth_1/runme.log
export_simulation -of_objects [get_files E:/FPGA/nowone/SnakeGame/SnakeGame.srcs/sources_1/ip/dist_mem_gen_2/dist_mem_gen_2.xci] -directory E:/FPGA/nowone/SnakeGame/SnakeGame.ip_user_files/sim_scripts -ip_user_files_dir E:/FPGA/nowone/SnakeGame/SnakeGame.ip_user_files -ipstatic_source_dir E:/FPGA/nowone/SnakeGame/SnakeGame.ip_user_files/ipstatic -lib_map_path [list {modelsim=E:/FPGA/nowone/SnakeGame/SnakeGame.cache/compile_simlib/modelsim} {questa=E:/FPGA/nowone/SnakeGame/SnakeGame.cache/compile_simlib/questa} {riviera=E:/FPGA/nowone/SnakeGame/SnakeGame.cache/compile_simlib/riviera} {activehdl=E:/FPGA/nowone/SnakeGame/SnakeGame.cache/compile_simlib/activehdl}] -use_ip_compiled_libs -force -quiet
set_property CONFIG.memory_type {rom} [get_ips dist_mem_gen_3]
generate_target all [get_files  e:/FPGA/nowone/SnakeGame/SnakeGame.srcs/sources_1/ip/dist_mem_gen_3/dist_mem_gen_3.xci]
INFO: [IP_Flow 19-1686] Generating 'Instantiation Template' target for IP 'dist_mem_gen_3'...
INFO: [IP_Flow 19-1686] Generating 'Synthesis' target for IP 'dist_mem_gen_3'...
INFO: [IP_Flow 19-1686] Generating 'Simulation' target for IP 'dist_mem_gen_3'...
INFO: [IP_Flow 19-1686] Generating 'Change Log' target for IP 'dist_mem_gen_3'...
catch { config_ip_cache -export [get_ips -all dist_mem_gen_3] }
INFO: [IP_Flow 19-6924] IPCACHE: Running cache check for IP inst: dist_mem_gen_3
export_ip_user_files -of_objects [get_files e:/FPGA/nowone/SnakeGame/SnakeGame.srcs/sources_1/ip/dist_mem_gen_3/dist_mem_gen_3.xci] -no_script -sync -force -quiet
reset_run dist_mem_gen_3_synth_1
launch_runs dist_mem_gen_3_synth_1 -jobs 16
INFO: [IP_Flow 19-6924] IPCACHE: Running cache check for IP inst: dist_mem_gen_3
[Sun Jun  4 12:49:48 2023] Launched dist_mem_gen_3_synth_1...
Run output will be captured here: E:/FPGA/nowone/SnakeGame/SnakeGame.runs/dist_mem_gen_3_synth_1/runme.log
export_simulation -of_objects [get_files e:/FPGA/nowone/SnakeGame/SnakeGame.srcs/sources_1/ip/dist_mem_gen_3/dist_mem_gen_3.xci] -directory E:/FPGA/nowone/SnakeGame/SnakeGame.ip_user_files/sim_scripts -ip_user_files_dir E:/FPGA/nowone/SnakeGame/SnakeGame.ip_user_files -ipstatic_source_dir E:/FPGA/nowone/SnakeGame/SnakeGame.ip_user_files/ipstatic -lib_map_path [list {modelsim=E:/FPGA/nowone/SnakeGame/SnakeGame.cache/compile_simlib/modelsim} {questa=E:/FPGA/nowone/SnakeGame/SnakeGame.cache/compile_simlib/questa} {riviera=E:/FPGA/nowone/SnakeGame/SnakeGame.cache/compile_simlib/riviera} {activehdl=E:/FPGA/nowone/SnakeGame/SnakeGame.cache/compile_simlib/activehdl}] -use_ip_compiled_libs -force -quiet
WARNING: [IP_Flow 19-4067] Ignoring invalid widget type specified checkbox.Providing a default widget
WARNING: [IP_Flow 19-4067] Ignoring invalid widget type specified checkbox.Providing a default widget
set_property CONFIG.memory_type {rom} [get_ips dist_mem_gen_2]
generate_target all [get_files  E:/FPGA/nowone/SnakeGame/SnakeGame.srcs/sources_1/ip/dist_mem_gen_2/dist_mem_gen_2.xci]
INFO: [IP_Flow 19-1686] Generating 'Instantiation Template' target for IP 'dist_mem_gen_2'...
INFO: [IP_Flow 19-1686] Generating 'Synthesis' target for IP 'dist_mem_gen_2'...
INFO: [IP_Flow 19-1686] Generating 'Simulation' target for IP 'dist_mem_gen_2'...
INFO: [IP_Flow 19-1686] Generating 'Change Log' target for IP 'dist_mem_gen_2'...
catch { config_ip_cache -export [get_ips -all dist_mem_gen_2] }
INFO: [IP_Flow 19-6924] IPCACHE: Running cache check for IP inst: dist_mem_gen_2
export_ip_user_files -of_objects [get_files E:/FPGA/nowone/SnakeGame/SnakeGame.srcs/sources_1/ip/dist_mem_gen_2/dist_mem_gen_2.xci] -no_script -sync -force -quiet
reset_run dist_mem_gen_2_synth_1
launch_runs dist_mem_gen_2_synth_1 -jobs 16
INFO: [IP_Flow 19-6924] IPCACHE: Running cache check for IP inst: dist_mem_gen_2
[Sun Jun  4 12:50:40 2023] Launched dist_mem_gen_2_synth_1...
Run output will be captured here: E:/FPGA/nowone/SnakeGame/SnakeGame.runs/dist_mem_gen_2_synth_1/runme.log
export_simulation -of_objects [get_files E:/FPGA/nowone/SnakeGame/SnakeGame.srcs/sources_1/ip/dist_mem_gen_2/dist_mem_gen_2.xci] -directory E:/FPGA/nowone/SnakeGame/SnakeGame.ip_user_files/sim_scripts -ip_user_files_dir E:/FPGA/nowone/SnakeGame/SnakeGame.ip_user_files -ipstatic_source_dir E:/FPGA/nowone/SnakeGame/SnakeGame.ip_user_files/ipstatic -lib_map_path [list {modelsim=E:/FPGA/nowone/SnakeGame/SnakeGame.cache/compile_simlib/modelsim} {questa=E:/FPGA/nowone/SnakeGame/SnakeGame.cache/compile_simlib/questa} {riviera=E:/FPGA/nowone/SnakeGame/SnakeGame.cache/compile_simlib/riviera} {activehdl=E:/FPGA/nowone/SnakeGame/SnakeGame.cache/compile_simlib/activehdl}] -use_ip_compiled_libs -force -quiet
reset_run synth_1
INFO: [Project 1-1161] Replacing file E:/FPGA/nowone/SnakeGame/SnakeGame.srcs/utils_1/imports/synth_1/track_update.dcp with file E:/FPGA/nowone/SnakeGame/SnakeGame.runs/synth_1/direction_judgement_top.dcp
launch_runs impl_1 -jobs 16
[Sun Jun  4 12:51:42 2023] Launched synth_1...
Run output will be captured here: E:/FPGA/nowone/SnakeGame/SnakeGame.runs/synth_1/runme.log
[Sun Jun  4 12:51:42 2023] Launched impl_1...
Run output will be captured here: E:/FPGA/nowone/SnakeGame/SnakeGame.runs/impl_1/runme.log
WARNING: [IP_Flow 19-4067] Ignoring invalid widget type specified checkbox.Providing a default widget
WARNING: [IP_Flow 19-4067] Ignoring invalid widget type specified checkbox.Providing a default widget
WARNING: [IP_Flow 19-4067] Ignoring invalid widget type specified checkbox.Providing a default widget
WARNING: [IP_Flow 19-4067] Ignoring invalid widget type specified checkbox.Providing a default widget
launch_runs impl_1 -to_step write_bitstream -jobs 16
[Sun Jun  4 12:57:14 2023] Launched impl_1...
Run output will be captured here: E:/FPGA/nowone/SnakeGame/SnakeGame.runs/impl_1/runme.log
open_run impl_1
Netlist sorting complete. Time (s): cpu = 00:00:00 ; elapsed = 00:00:00.077 . Memory (MB): peak = 2873.852 ; gain = 0.000
INFO: [Netlist 29-17] Analyzing 2595 Unisim elements for replacement
INFO: [Netlist 29-28] Unisim Transformation completed in 2 CPU seconds
INFO: [Project 1-479] Netlist was created with Vivado 2022.2
INFO: [Project 1-570] Preparing netlist for logic optimization
WARNING: [Constraints 18-550] Could not create 'IBUF_LOW_PWR' constraint because net 'clk_div/clk_in1' is not directly connected to top level port. Synthesis is ignored for IBUF_LOW_PWR but preserved for implementation.
WARNING: [Constraints 18-550] Could not create 'IBUF_LOW_PWR' constraint because net 'game/clk_1/clk_in1' is not directly connected to top level port. Synthesis is ignored for IBUF_LOW_PWR but preserved for implementation.
INFO: [Timing 38-478] Restoring timing data from binary archive.
INFO: [Timing 38-479] Binary timing data restore complete.
INFO: [Project 1-856] Restoring constraints from binary archive.
INFO: [Project 1-853] Binary constraint restore complete.
Reading XDEF placement.
Reading placer database...
Reading XDEF routing.
Read XDEF Files: Time (s): cpu = 00:00:01 ; elapsed = 00:00:02 . Memory (MB): peak = 2873.852 ; gain = 0.000
Restored from archive | CPU: 1.000000 secs | Memory: 0.000000 MB |
Finished XDEF File Restore: Time (s): cpu = 00:00:01 ; elapsed = 00:00:02 . Memory (MB): peak = 2873.852 ; gain = 0.000
Netlist sorting complete. Time (s): cpu = 00:00:00 ; elapsed = 00:00:00.008 . Memory (MB): peak = 2873.852 ; gain = 0.000
INFO: [Project 1-111] Unisim Transformation Summary:
  A total of 1153 instances were transformed.
  IOBUF => IOBUF (IBUF, OBUFT): 1 instance 
  RAM128X1D => RAM128X1D (MUXF7(x2), RAMD64E(x4)): 512 instances
  RAM64M => RAM64M (RAMD64E(x4)): 640 instances

open_run: Time (s): cpu = 00:00:11 ; elapsed = 00:00:07 . Memory (MB): peak = 2873.852 ; gain = 0.000
CRITICAL WARNING: [Timing 38-282] The design failed to meet the timing requirements. Please see the timing summary report for details on the timing violations.
report_timing_summary -delay_type min_max -report_unconstrained -check_timing_verbose -max_paths 10 -input_pins -routable_nets -name timing_1
INFO: [Timing 38-91] UpdateTimingParams: Speed grade: -1, Delay Type: min_max.
INFO: [Timing 38-191] Multithreading enabled for timing update using a maximum of 2 CPUs
reset_run synth_1
INFO: [Project 1-1161] Replacing file E:/FPGA/nowone/SnakeGame/SnakeGame.srcs/utils_1/imports/synth_1/track_update.dcp with file E:/FPGA/nowone/SnakeGame/SnakeGame.runs/synth_1/direction_judgement_top.dcp
launch_runs impl_1 -to_step write_bitstream -jobs 16
[Sun Jun  4 12:59:33 2023] Launched synth_1...
Run output will be captured here: E:/FPGA/nowone/SnakeGame/SnakeGame.runs/synth_1/runme.log
[Sun Jun  4 12:59:33 2023] Launched impl_1...
Run output will be captured here: E:/FPGA/nowone/SnakeGame/SnakeGame.runs/impl_1/runme.log
report_timing_summary -delay_type min_max -report_unconstrained -check_timing_verbose -max_paths 10 -input_pins -routable_nets -name timing_2
INFO: [Timing 38-91] UpdateTimingParams: Speed grade: -1, Delay Type: min_max.
INFO: [Timing 38-191] Multithreading enabled for timing update using a maximum of 2 CPUs
close_design
WARNING: [IP_Flow 19-4067] Ignoring invalid widget type specified checkbox.Providing a default widget
WARNING: [IP_Flow 19-4067] Ignoring invalid widget type specified checkbox.Providing a default widget
INFO: [IP_Flow 19-3484] Absolute path of file 'e:/FPGA/start.coe' provided. It will be converted relative to IP Instance files '../../../../../../start.coe'
set_property -dict [list \
  CONFIG.Coe_File {E:/FPGA/start.coe} \
  CONFIG.Load_Init_File {true} \
] [get_ips blk_mem_gen_3]
INFO: [IP_Flow 19-3484] Absolute path of file 'e:/FPGA/start.coe' provided. It will be converted relative to IP Instance files '../../../../../../start.coe'
generate_target all [get_files  e:/FPGA/nowone/SnakeGame/SnakeGame.srcs/sources_1/ip/blk_mem_gen_3/blk_mem_gen_3.xci]
INFO: [IP_Flow 19-1686] Generating 'Instantiation Template' target for IP 'blk_mem_gen_3'...
INFO: [IP_Flow 19-1686] Generating 'Synthesis' target for IP 'blk_mem_gen_3'...
INFO: [IP_Flow 19-1686] Generating 'Simulation' target for IP 'blk_mem_gen_3'...
INFO: [IP_Flow 19-1686] Generating 'Miscellaneous' target for IP 'blk_mem_gen_3'...
INFO: [IP_Flow 19-1686] Generating 'Change Log' target for IP 'blk_mem_gen_3'...
catch { config_ip_cache -export [get_ips -all blk_mem_gen_3] }
INFO: [IP_Flow 19-6924] IPCACHE: Running cache check for IP inst: blk_mem_gen_3
export_ip_user_files -of_objects [get_files e:/FPGA/nowone/SnakeGame/SnakeGame.srcs/sources_1/ip/blk_mem_gen_3/blk_mem_gen_3.xci] -no_script -sync -force -quiet
reset_run blk_mem_gen_3_synth_1
launch_runs blk_mem_gen_3_synth_1 -jobs 16
INFO: [IP_Flow 19-6924] IPCACHE: Running cache check for IP inst: blk_mem_gen_3
[Sun Jun  4 15:09:57 2023] Launched blk_mem_gen_3_synth_1...
Run output will be captured here: E:/FPGA/nowone/SnakeGame/SnakeGame.runs/blk_mem_gen_3_synth_1/runme.log
export_simulation -of_objects [get_files e:/FPGA/nowone/SnakeGame/SnakeGame.srcs/sources_1/ip/blk_mem_gen_3/blk_mem_gen_3.xci] -directory E:/FPGA/nowone/SnakeGame/SnakeGame.ip_user_files/sim_scripts -ip_user_files_dir E:/FPGA/nowone/SnakeGame/SnakeGame.ip_user_files -ipstatic_source_dir E:/FPGA/nowone/SnakeGame/SnakeGame.ip_user_files/ipstatic -lib_map_path [list {modelsim=E:/FPGA/nowone/SnakeGame/SnakeGame.cache/compile_simlib/modelsim} {questa=E:/FPGA/nowone/SnakeGame/SnakeGame.cache/compile_simlib/questa} {riviera=E:/FPGA/nowone/SnakeGame/SnakeGame.cache/compile_simlib/riviera} {activehdl=E:/FPGA/nowone/SnakeGame/SnakeGame.cache/compile_simlib/activehdl}] -use_ip_compiled_libs -force -quiet
set_property CONFIG.coefficient_file {E:/FPGA/gameover.coe} [get_ips dist_mem_gen_3]
INFO: [IP_Flow 19-3484] Absolute path of file 'e:/FPGA/gameover.coe' provided. It will be converted relative to IP Instance files '../../../../../../gameover.coe'
generate_target all [get_files  e:/FPGA/nowone/SnakeGame/SnakeGame.srcs/sources_1/ip/dist_mem_gen_3/dist_mem_gen_3.xci]
INFO: [IP_Flow 19-1686] Generating 'Instantiation Template' target for IP 'dist_mem_gen_3'...
INFO: [IP_Flow 19-1686] Generating 'Synthesis' target for IP 'dist_mem_gen_3'...
INFO: [IP_Flow 19-1686] Generating 'Simulation' target for IP 'dist_mem_gen_3'...
INFO: [IP_Flow 19-1686] Generating 'Change Log' target for IP 'dist_mem_gen_3'...
catch { config_ip_cache -export [get_ips -all dist_mem_gen_3] }
INFO: [IP_Flow 19-6924] IPCACHE: Running cache check for IP inst: dist_mem_gen_3
export_ip_user_files -of_objects [get_files e:/FPGA/nowone/SnakeGame/SnakeGame.srcs/sources_1/ip/dist_mem_gen_3/dist_mem_gen_3.xci] -no_script -sync -force -quiet
reset_run dist_mem_gen_3_synth_1
WARNING: [Vivado 12-1017] Problems encountered:
1. Failed to delete one or more files in run directory E:/FPGA/nowone/SnakeGame/SnakeGame.runs/dist_mem_gen_3_synth_1

launch_runs dist_mem_gen_3_synth_1 -jobs 16
INFO: [IP_Flow 19-6924] IPCACHE: Running cache check for IP inst: dist_mem_gen_3
[Sun Jun  4 15:10:19 2023] Launched dist_mem_gen_3_synth_1...
Run output will be captured here: E:/FPGA/nowone/SnakeGame/SnakeGame.runs/dist_mem_gen_3_synth_1/runme.log
export_simulation -of_objects [get_files e:/FPGA/nowone/SnakeGame/SnakeGame.srcs/sources_1/ip/dist_mem_gen_3/dist_mem_gen_3.xci] -directory E:/FPGA/nowone/SnakeGame/SnakeGame.ip_user_files/sim_scripts -ip_user_files_dir E:/FPGA/nowone/SnakeGame/SnakeGame.ip_user_files -ipstatic_source_dir E:/FPGA/nowone/SnakeGame/SnakeGame.ip_user_files/ipstatic -lib_map_path [list {modelsim=E:/FPGA/nowone/SnakeGame/SnakeGame.cache/compile_simlib/modelsim} {questa=E:/FPGA/nowone/SnakeGame/SnakeGame.cache/compile_simlib/questa} {riviera=E:/FPGA/nowone/SnakeGame/SnakeGame.cache/compile_simlib/riviera} {activehdl=E:/FPGA/nowone/SnakeGame/SnakeGame.cache/compile_simlib/activehdl}] -use_ip_compiled_libs -force -quiet
WARNING: [IP_Flow 19-4067] Ignoring invalid widget type specified checkbox.Providing a default widget
WARNING: [IP_Flow 19-4067] Ignoring invalid widget type specified checkbox.Providing a default widget
INFO: [IP_Flow 19-3484] Absolute path of file 'e:/FPGA/menu.coe' provided. It will be converted relative to IP Instance files '../../../../../../menu.coe'
set_property -dict [list \
  CONFIG.Coe_File {E:/FPGA/menu.coe} \
  CONFIG.Load_Init_File {true} \
] [get_ips blk_mem_gen_4]
INFO: [IP_Flow 19-3484] Absolute path of file 'e:/FPGA/menu.coe' provided. It will be converted relative to IP Instance files '../../../../../../menu.coe'
generate_target all [get_files  e:/FPGA/nowone/SnakeGame/SnakeGame.srcs/sources_1/ip/blk_mem_gen_4/blk_mem_gen_4.xci]
INFO: [IP_Flow 19-1686] Generating 'Instantiation Template' target for IP 'blk_mem_gen_4'...
INFO: [IP_Flow 19-1686] Generating 'Synthesis' target for IP 'blk_mem_gen_4'...
INFO: [IP_Flow 19-1686] Generating 'Simulation' target for IP 'blk_mem_gen_4'...
INFO: [IP_Flow 19-1686] Generating 'Miscellaneous' target for IP 'blk_mem_gen_4'...
INFO: [IP_Flow 19-1686] Generating 'Change Log' target for IP 'blk_mem_gen_4'...
generate_target: Time (s): cpu = 00:00:05 ; elapsed = 00:00:05 . Memory (MB): peak = 3361.215 ; gain = 0.000
catch { config_ip_cache -export [get_ips -all blk_mem_gen_4] }
INFO: [IP_Flow 19-6924] IPCACHE: Running cache check for IP inst: blk_mem_gen_4
export_ip_user_files -of_objects [get_files e:/FPGA/nowone/SnakeGame/SnakeGame.srcs/sources_1/ip/blk_mem_gen_4/blk_mem_gen_4.xci] -no_script -sync -force -quiet
reset_run blk_mem_gen_4_synth_1
WARNING: [Vivado 12-1017] Problems encountered:
1. Failed to delete one or more files in run directory E:/FPGA/nowone/SnakeGame/SnakeGame.runs/blk_mem_gen_4_synth_1

launch_runs blk_mem_gen_4_synth_1 -jobs 16
INFO: [IP_Flow 19-6924] IPCACHE: Running cache check for IP inst: blk_mem_gen_4
[Sun Jun  4 15:11:00 2023] Launched blk_mem_gen_4_synth_1...
Run output will be captured here: E:/FPGA/nowone/SnakeGame/SnakeGame.runs/blk_mem_gen_4_synth_1/runme.log
export_simulation -of_objects [get_files e:/FPGA/nowone/SnakeGame/SnakeGame.srcs/sources_1/ip/blk_mem_gen_4/blk_mem_gen_4.xci] -directory E:/FPGA/nowone/SnakeGame/SnakeGame.ip_user_files/sim_scripts -ip_user_files_dir E:/FPGA/nowone/SnakeGame/SnakeGame.ip_user_files -ipstatic_source_dir E:/FPGA/nowone/SnakeGame/SnakeGame.ip_user_files/ipstatic -lib_map_path [list {modelsim=E:/FPGA/nowone/SnakeGame/SnakeGame.cache/compile_simlib/modelsim} {questa=E:/FPGA/nowone/SnakeGame/SnakeGame.cache/compile_simlib/questa} {riviera=E:/FPGA/nowone/SnakeGame/SnakeGame.cache/compile_simlib/riviera} {activehdl=E:/FPGA/nowone/SnakeGame/SnakeGame.cache/compile_simlib/activehdl}] -use_ip_compiled_libs -force -quiet
reset_run synth_1
INFO: [Project 1-1161] Replacing file E:/FPGA/nowone/SnakeGame/SnakeGame.srcs/utils_1/imports/synth_1/track_update.dcp with file E:/FPGA/nowone/SnakeGame/SnakeGame.runs/synth_1/direction_judgement_top.dcp
WARNING: [Vivado 12-1017] Problems encountered:
1. Failed to delete one or more files in run directory E:/FPGA/nowone/SnakeGame/SnakeGame.runs/synth_1

launch_runs impl_1 -to_step write_bitstream -jobs 16
[Sun Jun  4 15:11:27 2023] Launched blk_mem_gen_3_synth_1, blk_mem_gen_4_synth_1, dist_mem_gen_3_synth_1, synth_1...
Run output will be captured here:
blk_mem_gen_3_synth_1: E:/FPGA/nowone/SnakeGame/SnakeGame.runs/blk_mem_gen_3_synth_1/runme.log
blk_mem_gen_4_synth_1: E:/FPGA/nowone/SnakeGame/SnakeGame.runs/blk_mem_gen_4_synth_1/runme.log
dist_mem_gen_3_synth_1: E:/FPGA/nowone/SnakeGame/SnakeGame.runs/dist_mem_gen_3_synth_1/runme.log
synth_1: E:/FPGA/nowone/SnakeGame/SnakeGame.runs/synth_1/runme.log
[Sun Jun  4 15:11:27 2023] Launched impl_1...
Run output will be captured here: E:/FPGA/nowone/SnakeGame/SnakeGame.runs/impl_1/runme.log
WARNING: [IP_Flow 19-4067] Ignoring invalid widget type specified checkbox.Providing a default widget
WARNING: [IP_Flow 19-4067] Ignoring invalid widget type specified checkbox.Providing a default widget
WARNING: [IP_Flow 19-4067] Ignoring invalid widget type specified checkbox.Providing a default widget
WARNING: [IP_Flow 19-4067] Ignoring invalid widget type specified checkbox.Providing a default widget
exit
INFO: [Common 17-206] Exiting Vivado at Sun Jun  4 21:48:11 2023...
