#-----------------------------------------------------------
# Vivado v2022.2 (64-bit)
# SW Build 3671981 on Fri Oct 14 05:00:03 MDT 2022
# IP Build 3669848 on Fri Oct 14 08:30:02 MDT 2022
# Start of session at: Mon Jun  5 07:30:55 2023
# Process ID: 9440
# Current directory: E:/FPGA/nowone/SnakeGame
# Command line: vivado.exe -gui_launcher_event rodinguilauncherevent30828 E:\FPGA\nowone\SnakeGame\SnakeGame.xpr
# Log file: E:/FPGA/nowone/SnakeGame/vivado.log
# Journal file: E:/FPGA/nowone/SnakeGame\vivado.jou
# Running On: LAPTOP-LQ37KROC, OS: Windows, CPU Frequency: 3194 MHz, CPU Physical cores: 16, Host memory: 29909 MB
#-----------------------------------------------------------
start_gui
open_project E:/FPGA/nowone/SnakeGame/SnakeGame.xpr
WARNING: [Board 49-26] cannot add Board Part xilinx.com:vck190:part0:2.2 available at E:/Xilinx/Vivado/2022.2/data/xhub/boards/XilinxBoardStore/boards/Xilinx/vck190/production/2.2/board.xml as part xcvc1902-vsva2197-2mp-e-s specified in board_part file is either invalid or not available
WARNING: [Board 49-26] cannot add Board Part xilinx.com:vck190:part0:3.0 available at E:/Xilinx/Vivado/2022.2/data/xhub/boards/XilinxBoardStore/boards/Xilinx/vck190/production/3.0/board.xml as part xcvc1902-vsva2197-2mp-e-s specified in board_part file is either invalid or not available
WARNING: [Board 49-26] cannot add Board Part xilinx.com:vck190:part0:3.1 available at E:/Xilinx/Vivado/2022.2/data/xhub/boards/XilinxBoardStore/boards/Xilinx/vck190/production/3.1/board.xml as part xcvc1902-vsva2197-2mp-e-s specified in board_part file is either invalid or not available
WARNING: [Board 49-26] cannot add Board Part xilinx.com:vck190_newl:part0:1.0 available at E:/Xilinx/Vivado/2022.2/data/xhub/boards/XilinxBoardStore/boards/Xilinx/vck190_newl/production/1.0/board.xml as part xcvc1902-vsva2197-2mp-e-s specified in board_part file is either invalid or not available
WARNING: [Board 49-26] cannot add Board Part xilinx.com:vek280_es:part0:1.0 available at E:/Xilinx/Vivado/2022.2/data/xhub/boards/XilinxBoardStore/boards/Xilinx/vek280/es/1.0/board.xml as part xcve2802-vsvh1760-2lp-e-s-es1 specified in board_part file is either invalid or not available
WARNING: [Board 49-26] cannot add Board Part xilinx.com:vhk158_es:part0:1.0 available at E:/Xilinx/Vivado/2022.2/data/xhub/boards/XilinxBoardStore/boards/Xilinx/vhk158/es/1.0/board.xml as part xcvh1582-vsva3697-2mp-e-s-es1 specified in board_part file is either invalid or not available
WARNING: [Board 49-26] cannot add Board Part xilinx.com:vmk180:part0:2.2 available at E:/Xilinx/Vivado/2022.2/data/xhub/boards/XilinxBoardStore/boards/Xilinx/vmk180/production/2.2/board.xml as part xcvm1802-vsva2197-2mp-e-s specified in board_part file is either invalid or not available
WARNING: [Board 49-26] cannot add Board Part xilinx.com:vmk180:part0:3.0 available at E:/Xilinx/Vivado/2022.2/data/xhub/boards/XilinxBoardStore/boards/Xilinx/vmk180/production/3.0/board.xml as part xcvm1802-vsva2197-2mp-e-s specified in board_part file is either invalid or not available
WARNING: [Board 49-26] cannot add Board Part xilinx.com:vmk180:part0:3.1 available at E:/Xilinx/Vivado/2022.2/data/xhub/boards/XilinxBoardStore/boards/Xilinx/vmk180/production/3.1/board.xml as part xcvm1802-vsva2197-2mp-e-s specified in board_part file is either invalid or not available
WARNING: [Board 49-26] cannot add Board Part xilinx.com:vmk180_newl:part0:1.0 available at E:/Xilinx/Vivado/2022.2/data/xhub/boards/XilinxBoardStore/boards/Xilinx/vmk180_newl/production/1.0/board.xml as part xcvm1802-vsva2197-2mp-e-s specified in board_part file is either invalid or not available
WARNING: [Board 49-26] cannot add Board Part xilinx.com:vpk120:part0:1.0 available at E:/Xilinx/Vivado/2022.2/data/xhub/boards/XilinxBoardStore/boards/Xilinx/vpk120/production/1.0/board.xml as part xcvp1202-vsva2785-2mp-e-s specified in board_part file is either invalid or not available
WARNING: [Board 49-26] cannot add Board Part xilinx.com:vpk120_es:part0:1.2 available at E:/Xilinx/Vivado/2022.2/data/xhub/boards/XilinxBoardStore/boards/Xilinx/vpk120/es/1.2/board.xml as part xcvp1202-vsva2785-2mp-e-s-es1 specified in board_part file is either invalid or not available
WARNING: [Board 49-26] cannot add Board Part xilinx.com:vpk120_es_revb:part0:1.0 available at E:/Xilinx/Vivado/2022.2/data/xhub/boards/XilinxBoardStore/boards/Xilinx/vpk120_revb/es/1.0/board.xml as part xcvp1202-vsva2785-2mp-e-s-es1 specified in board_part file is either invalid or not available
WARNING: [Board 49-26] cannot add Board Part xilinx.com:vpk180_es:part0:1.0 available at E:/Xilinx/Vivado/2022.2/data/xhub/boards/XilinxBoardStore/boards/Xilinx/vpk180/es/1.0/board.xml as part xcvp1802-lsvc4072-2mp-e-s-es1 specified in board_part file is either invalid or not available
WARNING: [Board 49-26] cannot add Board Part xilinx.com:zcu208ld:part0:2.0 available at E:/Xilinx/Vivado/2022.2/data/xhub/boards/XilinxBoardStore/boards/Xilinx/zcu208ld/production/2.0/board.xml as part xczu58dr-fsvg1517-2-i specified in board_part file is either invalid or not available
WARNING: [Board 49-26] cannot add Board Part xilinx.com:zcu216ld:part0:2.0 available at E:/Xilinx/Vivado/2022.2/data/xhub/boards/XilinxBoardStore/boards/Xilinx/zcu216ld/production/2.0/board.xml as part xczu59dr-ffvf1760-2-i specified in board_part file is either invalid or not available
WARNING: [Board 49-26] cannot add Board Part xilinx.com:zcu670:part0:2.0 available at E:/Xilinx/Vivado/2022.2/data/xhub/boards/XilinxBoardStore/boards/Xilinx/zcu670/2.0/board.xml as part xczu67dr-fsve1156-2-i specified in board_part file is either invalid or not available
WARNING: [Board 49-26] cannot add Board Part xilinx.com:zcu670ld:part0:1.0 available at E:/Xilinx/Vivado/2022.2/data/xhub/boards/XilinxBoardStore/boards/Xilinx/zcu670ld/1.0/board.xml as part xczu57dr-fsve1156-2-i specified in board_part file is either invalid or not available
Scanning sources...
Finished scanning sources
INFO: [IP_Flow 19-234] Refreshing IP repositories
INFO: [IP_Flow 19-1704] No user IP repositories specified
INFO: [IP_Flow 19-2313] Loaded Vivado IP repository 'E:/Xilinx/Vivado/2022.2/data/ip'.
open_project: Time (s): cpu = 00:00:19 ; elapsed = 00:00:08 . Memory (MB): peak = 1195.414 ; gain = 322.562
update_compile_order -fileset sources_1
WARNING: [IP_Flow 19-4067] Ignoring invalid widget type specified checkbox.Providing a default widget
WARNING: [IP_Flow 19-4067] Ignoring invalid widget type specified checkbox.Providing a default widget
WARNING: [IP_Flow 19-4067] Ignoring invalid widget type specified checkbox.Providing a default widget
WARNING: [IP_Flow 19-4067] Ignoring invalid widget type specified checkbox.Providing a default widget
WARNING: [IP_Flow 19-4067] Ignoring invalid widget type specified checkbox.Providing a default widget
WARNING: [IP_Flow 19-4067] Ignoring invalid widget type specified checkbox.Providing a default widget
reset_run synth_1
INFO: [Project 1-1161] Replacing file E:/FPGA/nowone/SnakeGame/SnakeGame.srcs/utils_1/imports/synth_1/track_update.dcp with file E:/FPGA/nowone/SnakeGame/SnakeGame.runs/synth_1/direction_judgement_top.dcp
launch_runs impl_1 -to_step write_bitstream -jobs 16
[Mon Jun  5 07:46:09 2023] Launched synth_1...
Run output will be captured here: E:/FPGA/nowone/SnakeGame/SnakeGame.runs/synth_1/runme.log
[Mon Jun  5 07:46:09 2023] Launched impl_1...
Run output will be captured here: E:/FPGA/nowone/SnakeGame/SnakeGame.runs/impl_1/runme.log
open_hw_manager
connect_hw_server -allow_non_jtag
INFO: [Labtools 27-2285] Connecting to hw_server url TCP:localhost:3121
INFO: [Labtools 27-2222] Launching hw_server...
INFO: [Labtools 27-2221] Launch Output:

****** Xilinx hw_server v2022.2
  **** Build date : Oct 14 2022 at 05:18:10
    ** Copyright 1986-2022 Xilinx, Inc. All Rights Reserved.


INFO: [Labtools 27-3415] Connecting to cs_server url TCP:localhost:0
INFO: [Labtools 27-3417] Launching cs_server...
INFO: [Labtools 27-2221] Launch Output:


******** Xilinx cs_server v2022.2.0
  ****** Build date   : Oct 05 2022-07:25:37
    **** Build number : 2022.2.1664925937
      ** Copyright 2017-2023 Xilinx, Inc. All Rights Reserved.



connect_hw_server: Time (s): cpu = 00:00:01 ; elapsed = 00:00:07 . Memory (MB): peak = 1309.012 ; gain = 23.660
open_hw_target
INFO: [Labtoolstcl 44-466] Opening hw_target localhost:3121/xilinx_tcf/Digilent/210183ACA2D0A
set_property PROGRAM.FILE {E:/FPGA/nowone/SnakeGame/SnakeGame.runs/impl_1/direction_judgement_top.bit} [get_hw_devices xc7a35t_0]
current_hw_device [get_hw_devices xc7a35t_0]
refresh_hw_device -update_hw_probes false [lindex [get_hw_devices xc7a35t_0] 0]
INFO: [Labtools 27-1434] Device xc7a35t (JTAG device index = 0) is programmed with a design that has no supported debug core(s) in it.
set_property PROBES.FILE {} [get_hw_devices xc7a35t_0]
set_property FULL_PROBES.FILE {} [get_hw_devices xc7a35t_0]
set_property PROGRAM.FILE {E:/FPGA/nowone/SnakeGame/SnakeGame.runs/impl_1/direction_judgement_top.bit} [get_hw_devices xc7a35t_0]
program_hw_devices [get_hw_devices xc7a35t_0]
INFO: [Labtools 27-3164] End of startup status: HIGH
refresh_hw_device [lindex [get_hw_devices xc7a35t_0] 0]
INFO: [Labtools 27-1434] Device xc7a35t (JTAG device index = 0) is programmed with a design that has no supported debug core(s) in it.
close_hw_manager
reset_run synth_1
INFO: [Project 1-1161] Replacing file E:/FPGA/nowone/SnakeGame/SnakeGame.srcs/utils_1/imports/synth_1/track_update.dcp with file E:/FPGA/nowone/SnakeGame/SnakeGame.runs/synth_1/direction_judgement_top.dcp
launch_runs impl_1 -to_step write_bitstream -jobs 16
[Mon Jun  5 07:55:57 2023] Launched synth_1...
Run output will be captured here: E:/FPGA/nowone/SnakeGame/SnakeGame.runs/synth_1/runme.log
[Mon Jun  5 07:55:57 2023] Launched impl_1...
Run output will be captured here: E:/FPGA/nowone/SnakeGame/SnakeGame.runs/impl_1/runme.log
create_ip -name dist_mem_gen -vendor xilinx.com -library ip -version 8.0 -module_name dist_mem_gen_4
set_property -dict [list \
  CONFIG.coefficient_file {E:/FPGA/menu.coe} \
  CONFIG.data_width {12} \
  CONFIG.depth {65536} \
  CONFIG.memory_type {rom} \
] [get_ips dist_mem_gen_4]
INFO: [IP_Flow 19-3484] Absolute path of file 'e:/FPGA/menu.coe' provided. It will be converted relative to IP Instance files '../../../../../../menu.coe'
generate_target {instantiation_template} [get_files e:/FPGA/nowone/SnakeGame/SnakeGame.srcs/sources_1/ip/dist_mem_gen_4/dist_mem_gen_4.xci]
INFO: [IP_Flow 19-1686] Generating 'Instantiation Template' target for IP 'dist_mem_gen_4'...
generate_target all [get_files  e:/FPGA/nowone/SnakeGame/SnakeGame.srcs/sources_1/ip/dist_mem_gen_4/dist_mem_gen_4.xci]
INFO: [IP_Flow 19-1686] Generating 'Synthesis' target for IP 'dist_mem_gen_4'...
INFO: [IP_Flow 19-1686] Generating 'Simulation' target for IP 'dist_mem_gen_4'...
INFO: [IP_Flow 19-1686] Generating 'Change Log' target for IP 'dist_mem_gen_4'...
catch { config_ip_cache -export [get_ips -all dist_mem_gen_4] }
INFO: [IP_Flow 19-6924] IPCACHE: Running cache check for IP inst: dist_mem_gen_4
export_ip_user_files -of_objects [get_files e:/FPGA/nowone/SnakeGame/SnakeGame.srcs/sources_1/ip/dist_mem_gen_4/dist_mem_gen_4.xci] -no_script -sync -force -quiet
create_ip_run [get_files -of_objects [get_fileset sources_1] e:/FPGA/nowone/SnakeGame/SnakeGame.srcs/sources_1/ip/dist_mem_gen_4/dist_mem_gen_4.xci]
launch_runs dist_mem_gen_4_synth_1 -jobs 16
INFO: [IP_Flow 19-6924] IPCACHE: Running cache check for IP inst: dist_mem_gen_4
[Mon Jun  5 07:59:52 2023] Launched dist_mem_gen_4_synth_1...
Run output will be captured here: E:/FPGA/nowone/SnakeGame/SnakeGame.runs/dist_mem_gen_4_synth_1/runme.log
export_simulation -of_objects [get_files e:/FPGA/nowone/SnakeGame/SnakeGame.srcs/sources_1/ip/dist_mem_gen_4/dist_mem_gen_4.xci] -directory E:/FPGA/nowone/SnakeGame/SnakeGame.ip_user_files/sim_scripts -ip_user_files_dir E:/FPGA/nowone/SnakeGame/SnakeGame.ip_user_files -ipstatic_source_dir E:/FPGA/nowone/SnakeGame/SnakeGame.ip_user_files/ipstatic -lib_map_path [list {modelsim=E:/FPGA/nowone/SnakeGame/SnakeGame.cache/compile_simlib/modelsim} {questa=E:/FPGA/nowone/SnakeGame/SnakeGame.cache/compile_simlib/questa} {riviera=E:/FPGA/nowone/SnakeGame/SnakeGame.cache/compile_simlib/riviera} {activehdl=E:/FPGA/nowone/SnakeGame/SnakeGame.cache/compile_simlib/activehdl}] -use_ip_compiled_libs -force -quiet
export_ip_user_files -of_objects  [get_files E:/FPGA/nowone/SnakeGame/SnakeGame.srcs/sources_1/ip/blk_mem_gen_4/blk_mem_gen_4.xci] -no_script -reset -force -quiet
remove_files  -fileset blk_mem_gen_4 E:/FPGA/nowone/SnakeGame/SnakeGame.srcs/sources_1/ip/blk_mem_gen_4/blk_mem_gen_4.xci
WARNING: [Vivado 12-1017] Problems encountered:
1. Failed to delete one or more files in run directory E:/FPGA/nowone/SnakeGame/SnakeGame.runs/blk_mem_gen_4_synth_1

INFO: [Project 1-386] Moving file 'E:/FPGA/nowone/SnakeGame/SnakeGame.srcs/sources_1/ip/blk_mem_gen_4/blk_mem_gen_4.xci' from fileset 'blk_mem_gen_4' to fileset 'sources_1'.
export_ip_user_files -of_objects  [get_files E:/FPGA/nowone/SnakeGame/SnakeGame.srcs/sources_1/ip/blk_mem_gen_5/blk_mem_gen_5.xci] -no_script -reset -force -quiet
remove_files  -fileset blk_mem_gen_5 E:/FPGA/nowone/SnakeGame/SnakeGame.srcs/sources_1/ip/blk_mem_gen_5/blk_mem_gen_5.xci
WARNING: [Vivado 12-1017] Problems encountered:
1. Failed to delete one or more files in run directory E:/FPGA/nowone/SnakeGame/SnakeGame.runs/blk_mem_gen_5_synth_1

INFO: [Project 1-386] Moving file 'E:/FPGA/nowone/SnakeGame/SnakeGame.srcs/sources_1/ip/blk_mem_gen_5/blk_mem_gen_5.xci' from fileset 'blk_mem_gen_5' to fileset 'sources_1'.
export_ip_user_files -of_objects  [get_files E:/FPGA/nowone/SnakeGame/SnakeGame.srcs/sources_1/ip/dist_mem_gen_2/dist_mem_gen_2.xci] -no_script -reset -force -quiet
remove_files  -fileset dist_mem_gen_2 E:/FPGA/nowone/SnakeGame/SnakeGame.srcs/sources_1/ip/dist_mem_gen_2/dist_mem_gen_2.xci
WARNING: [Vivado 12-1017] Problems encountered:
1. Failed to delete one or more files in run directory E:/FPGA/nowone/SnakeGame/SnakeGame.runs/dist_mem_gen_2_synth_1

INFO: [Project 1-386] Moving file 'E:/FPGA/nowone/SnakeGame/SnakeGame.srcs/sources_1/ip/dist_mem_gen_2/dist_mem_gen_2.xci' from fileset 'dist_mem_gen_2' to fileset 'sources_1'.
export_ip_user_files -of_objects  [get_files E:/FPGA/nowone/SnakeGame/SnakeGame.srcs/sources_1/new/test.v] -no_script -reset -force -quiet
remove_files  E:/FPGA/nowone/SnakeGame/SnakeGame.srcs/sources_1/new/test.v
reset_run synth_1
INFO: [Project 1-1161] Replacing file E:/FPGA/nowone/SnakeGame/SnakeGame.srcs/utils_1/imports/synth_1/track_update.dcp with file E:/FPGA/nowone/SnakeGame/SnakeGame.runs/synth_1/direction_judgement_top.dcp
WARNING: [Vivado 12-1017] Problems encountered:
1. Failed to delete one or more files in run directory E:/FPGA/nowone/SnakeGame/SnakeGame.runs/synth_1

launch_runs impl_1 -to_step write_bitstream -jobs 16
[Mon Jun  5 08:01:26 2023] Launched dist_mem_gen_4_synth_1, synth_1...
Run output will be captured here:
dist_mem_gen_4_synth_1: E:/FPGA/nowone/SnakeGame/SnakeGame.runs/dist_mem_gen_4_synth_1/runme.log
synth_1: E:/FPGA/nowone/SnakeGame/SnakeGame.runs/synth_1/runme.log
[Mon Jun  5 08:01:26 2023] Launched impl_1...
Run output will be captured here: E:/FPGA/nowone/SnakeGame/SnakeGame.runs/impl_1/runme.log
reset_run synth_1
launch_runs impl_1 -to_step write_bitstream -jobs 16
[Mon Jun  5 08:08:51 2023] Launched synth_1...
Run output will be captured here: E:/FPGA/nowone/SnakeGame/SnakeGame.runs/synth_1/runme.log
[Mon Jun  5 08:08:51 2023] Launched impl_1...
Run output will be captured here: E:/FPGA/nowone/SnakeGame/SnakeGame.runs/impl_1/runme.log
set_property CONFIG.depth {2048} [get_ips dist_mem_gen_0]
generate_target all [get_files  E:/FPGA/nowone/SnakeGame/SnakeGame.srcs/sources_1/ip/dist_mem_gen_0_1/dist_mem_gen_0.xci]
INFO: [IP_Flow 19-1686] Generating 'Instantiation Template' target for IP 'dist_mem_gen_0'...
INFO: [IP_Flow 19-1686] Generating 'Synthesis' target for IP 'dist_mem_gen_0'...
INFO: [IP_Flow 19-1686] Generating 'Simulation' target for IP 'dist_mem_gen_0'...
INFO: [IP_Flow 19-1686] Generating 'Change Log' target for IP 'dist_mem_gen_0'...
catch { config_ip_cache -export [get_ips -all dist_mem_gen_0] }
INFO: [IP_Flow 19-6924] IPCACHE: Running cache check for IP inst: dist_mem_gen_0
export_ip_user_files -of_objects [get_files E:/FPGA/nowone/SnakeGame/SnakeGame.srcs/sources_1/ip/dist_mem_gen_0_1/dist_mem_gen_0.xci] -no_script -sync -force -quiet
reset_run dist_mem_gen_0_synth_1
launch_runs dist_mem_gen_0_synth_1 -jobs 16
INFO: [IP_Flow 19-6924] IPCACHE: Running cache check for IP inst: dist_mem_gen_0
[Mon Jun  5 08:12:52 2023] Launched dist_mem_gen_0_synth_1...
Run output will be captured here: E:/FPGA/nowone/SnakeGame/SnakeGame.runs/dist_mem_gen_0_synth_1/runme.log
export_simulation -of_objects [get_files E:/FPGA/nowone/SnakeGame/SnakeGame.srcs/sources_1/ip/dist_mem_gen_0_1/dist_mem_gen_0.xci] -directory E:/FPGA/nowone/SnakeGame/SnakeGame.ip_user_files/sim_scripts -ip_user_files_dir E:/FPGA/nowone/SnakeGame/SnakeGame.ip_user_files -ipstatic_source_dir E:/FPGA/nowone/SnakeGame/SnakeGame.ip_user_files/ipstatic -lib_map_path [list {modelsim=E:/FPGA/nowone/SnakeGame/SnakeGame.cache/compile_simlib/modelsim} {questa=E:/FPGA/nowone/SnakeGame/SnakeGame.cache/compile_simlib/questa} {riviera=E:/FPGA/nowone/SnakeGame/SnakeGame.cache/compile_simlib/riviera} {activehdl=E:/FPGA/nowone/SnakeGame/SnakeGame.cache/compile_simlib/activehdl}] -use_ip_compiled_libs -force -quiet
reset_run synth_1
INFO: [Project 1-1161] Replacing file E:/FPGA/nowone/SnakeGame/SnakeGame.srcs/utils_1/imports/synth_1/track_update.dcp with file E:/FPGA/nowone/SnakeGame/SnakeGame.runs/synth_1/direction_judgement_top.dcp
WARNING: [Vivado 12-1017] Problems encountered:
1. Failed to delete one or more files in run directory E:/FPGA/nowone/SnakeGame/SnakeGame.runs/synth_1

launch_runs impl_1 -to_step write_bitstream -jobs 16
[Mon Jun  5 08:13:02 2023] Launched dist_mem_gen_0_synth_1, synth_1...
Run output will be captured here:
dist_mem_gen_0_synth_1: E:/FPGA/nowone/SnakeGame/SnakeGame.runs/dist_mem_gen_0_synth_1/runme.log
synth_1: E:/FPGA/nowone/SnakeGame/SnakeGame.runs/synth_1/runme.log
[Mon Jun  5 08:13:02 2023] Launched impl_1...
Run output will be captured here: E:/FPGA/nowone/SnakeGame/SnakeGame.runs/impl_1/runme.log
reset_run synth_1
WARNING: [Vivado 12-1017] Problems encountered:
1. Failed to delete one or more files in run directory E:/FPGA/nowone/SnakeGame/SnakeGame.runs/synth_1

set_property CONFIG.data_width {26} [get_ips dist_mem_gen_0]
generate_target all [get_files  E:/FPGA/nowone/SnakeGame/SnakeGame.srcs/sources_1/ip/dist_mem_gen_0_1/dist_mem_gen_0.xci]
INFO: [IP_Flow 19-1686] Generating 'Instantiation Template' target for IP 'dist_mem_gen_0'...
INFO: [IP_Flow 19-1686] Generating 'Synthesis' target for IP 'dist_mem_gen_0'...
INFO: [IP_Flow 19-1686] Generating 'Simulation' target for IP 'dist_mem_gen_0'...
INFO: [IP_Flow 19-1686] Generating 'Change Log' target for IP 'dist_mem_gen_0'...
catch { config_ip_cache -export [get_ips -all dist_mem_gen_0] }
INFO: [IP_Flow 19-6924] IPCACHE: Running cache check for IP inst: dist_mem_gen_0
export_ip_user_files -of_objects [get_files E:/FPGA/nowone/SnakeGame/SnakeGame.srcs/sources_1/ip/dist_mem_gen_0_1/dist_mem_gen_0.xci] -no_script -sync -force -quiet
reset_run dist_mem_gen_0_synth_1
launch_runs dist_mem_gen_0_synth_1 -jobs 16
INFO: [IP_Flow 19-6924] IPCACHE: Running cache check for IP inst: dist_mem_gen_0
[Mon Jun  5 08:16:05 2023] Launched dist_mem_gen_0_synth_1...
Run output will be captured here: E:/FPGA/nowone/SnakeGame/SnakeGame.runs/dist_mem_gen_0_synth_1/runme.log
export_simulation -of_objects [get_files E:/FPGA/nowone/SnakeGame/SnakeGame.srcs/sources_1/ip/dist_mem_gen_0_1/dist_mem_gen_0.xci] -directory E:/FPGA/nowone/SnakeGame/SnakeGame.ip_user_files/sim_scripts -ip_user_files_dir E:/FPGA/nowone/SnakeGame/SnakeGame.ip_user_files -ipstatic_source_dir E:/FPGA/nowone/SnakeGame/SnakeGame.ip_user_files/ipstatic -lib_map_path [list {modelsim=E:/FPGA/nowone/SnakeGame/SnakeGame.cache/compile_simlib/modelsim} {questa=E:/FPGA/nowone/SnakeGame/SnakeGame.cache/compile_simlib/questa} {riviera=E:/FPGA/nowone/SnakeGame/SnakeGame.cache/compile_simlib/riviera} {activehdl=E:/FPGA/nowone/SnakeGame/SnakeGame.cache/compile_simlib/activehdl}] -use_ip_compiled_libs -force -quiet
launch_runs impl_1 -to_step write_bitstream -jobs 16
[Mon Jun  5 08:17:56 2023] Launched synth_1...
Run output will be captured here: E:/FPGA/nowone/SnakeGame/SnakeGame.runs/synth_1/runme.log
[Mon Jun  5 08:17:56 2023] Launched impl_1...
Run output will be captured here: E:/FPGA/nowone/SnakeGame/SnakeGame.runs/impl_1/runme.log
WARNING: [IP_Flow 19-4067] Ignoring invalid widget type specified checkbox.Providing a default widget
WARNING: [IP_Flow 19-4067] Ignoring invalid widget type specified checkbox.Providing a default widget
set_property CONFIG.Write_Depth_A {65536} [get_ips blk_mem_gen_2]
generate_target all [get_files  E:/FPGA/nowone/SnakeGame/SnakeGame.srcs/sources_1/ip/blk_mem_gen_2/blk_mem_gen_2.xci]
INFO: [IP_Flow 19-1686] Generating 'Instantiation Template' target for IP 'blk_mem_gen_2'...
INFO: [IP_Flow 19-1686] Generating 'Synthesis' target for IP 'blk_mem_gen_2'...
INFO: [IP_Flow 19-1686] Generating 'Simulation' target for IP 'blk_mem_gen_2'...
INFO: [IP_Flow 19-1686] Generating 'Miscellaneous' target for IP 'blk_mem_gen_2'...
INFO: [IP_Flow 19-1686] Generating 'Change Log' target for IP 'blk_mem_gen_2'...
catch { config_ip_cache -export [get_ips -all blk_mem_gen_2] }
INFO: [IP_Flow 19-6924] IPCACHE: Running cache check for IP inst: blk_mem_gen_2
export_ip_user_files -of_objects [get_files E:/FPGA/nowone/SnakeGame/SnakeGame.srcs/sources_1/ip/blk_mem_gen_2/blk_mem_gen_2.xci] -no_script -sync -force -quiet
reset_run blk_mem_gen_2_synth_1
launch_runs blk_mem_gen_2_synth_1 -jobs 16
INFO: [IP_Flow 19-6924] IPCACHE: Running cache check for IP inst: blk_mem_gen_2
[Mon Jun  5 08:21:23 2023] Launched blk_mem_gen_2_synth_1...
Run output will be captured here: E:/FPGA/nowone/SnakeGame/SnakeGame.runs/blk_mem_gen_2_synth_1/runme.log
export_simulation -of_objects [get_files E:/FPGA/nowone/SnakeGame/SnakeGame.srcs/sources_1/ip/blk_mem_gen_2/blk_mem_gen_2.xci] -directory E:/FPGA/nowone/SnakeGame/SnakeGame.ip_user_files/sim_scripts -ip_user_files_dir E:/FPGA/nowone/SnakeGame/SnakeGame.ip_user_files -ipstatic_source_dir E:/FPGA/nowone/SnakeGame/SnakeGame.ip_user_files/ipstatic -lib_map_path [list {modelsim=E:/FPGA/nowone/SnakeGame/SnakeGame.cache/compile_simlib/modelsim} {questa=E:/FPGA/nowone/SnakeGame/SnakeGame.cache/compile_simlib/questa} {riviera=E:/FPGA/nowone/SnakeGame/SnakeGame.cache/compile_simlib/riviera} {activehdl=E:/FPGA/nowone/SnakeGame/SnakeGame.cache/compile_simlib/activehdl}] -use_ip_compiled_libs -force -quiet
WARNING: [IP_Flow 19-4067] Ignoring invalid widget type specified checkbox.Providing a default widget
WARNING: [IP_Flow 19-4067] Ignoring invalid widget type specified checkbox.Providing a default widget
WARNING: [IP_Flow 19-4067] Ignoring invalid widget type specified checkbox.Providing a default widget
WARNING: [IP_Flow 19-4067] Ignoring invalid widget type specified checkbox.Providing a default widget
WARNING: [IP_Flow 19-4067] Ignoring invalid widget type specified checkbox.Providing a default widget
WARNING: [IP_Flow 19-4067] Ignoring invalid widget type specified checkbox.Providing a default widget
create_ip -name blk_mem_gen -vendor xilinx.com -library ip -version 8.4 -module_name blk_mem_gen_4
set_property -dict [list \
  CONFIG.Write_Depth_A {65536} \
  CONFIG.Write_Width_A {1} \
] [get_ips blk_mem_gen_4]
generate_target {instantiation_template} [get_files e:/FPGA/nowone/SnakeGame/SnakeGame.srcs/sources_1/ip/blk_mem_gen_4_1/blk_mem_gen_4.xci]
INFO: [IP_Flow 19-1686] Generating 'Instantiation Template' target for IP 'blk_mem_gen_4'...
generate_target all [get_files  e:/FPGA/nowone/SnakeGame/SnakeGame.srcs/sources_1/ip/blk_mem_gen_4_1/blk_mem_gen_4.xci]
INFO: [IP_Flow 19-1686] Generating 'Synthesis' target for IP 'blk_mem_gen_4'...
INFO: [IP_Flow 19-1686] Generating 'Simulation' target for IP 'blk_mem_gen_4'...
INFO: [IP_Flow 19-1686] Generating 'Miscellaneous' target for IP 'blk_mem_gen_4'...
INFO: [IP_Flow 19-1686] Generating 'Change Log' target for IP 'blk_mem_gen_4'...
catch { config_ip_cache -export [get_ips -all blk_mem_gen_4] }
INFO: [IP_Flow 19-6924] IPCACHE: Running cache check for IP inst: blk_mem_gen_4
export_ip_user_files -of_objects [get_files e:/FPGA/nowone/SnakeGame/SnakeGame.srcs/sources_1/ip/blk_mem_gen_4_1/blk_mem_gen_4.xci] -no_script -sync -force -quiet
create_ip_run [get_files -of_objects [get_fileset sources_1] e:/FPGA/nowone/SnakeGame/SnakeGame.srcs/sources_1/ip/blk_mem_gen_4_1/blk_mem_gen_4.xci]
launch_runs blk_mem_gen_4_synth_1 -jobs 16
INFO: [IP_Flow 19-6924] IPCACHE: Running cache check for IP inst: blk_mem_gen_4
[Mon Jun  5 08:25:57 2023] Launched blk_mem_gen_4_synth_1...
Run output will be captured here: E:/FPGA/nowone/SnakeGame/SnakeGame.runs/blk_mem_gen_4_synth_1/runme.log
export_simulation -of_objects [get_files e:/FPGA/nowone/SnakeGame/SnakeGame.srcs/sources_1/ip/blk_mem_gen_4_1/blk_mem_gen_4.xci] -directory E:/FPGA/nowone/SnakeGame/SnakeGame.ip_user_files/sim_scripts -ip_user_files_dir E:/FPGA/nowone/SnakeGame/SnakeGame.ip_user_files -ipstatic_source_dir E:/FPGA/nowone/SnakeGame/SnakeGame.ip_user_files/ipstatic -lib_map_path [list {modelsim=E:/FPGA/nowone/SnakeGame/SnakeGame.cache/compile_simlib/modelsim} {questa=E:/FPGA/nowone/SnakeGame/SnakeGame.cache/compile_simlib/questa} {riviera=E:/FPGA/nowone/SnakeGame/SnakeGame.cache/compile_simlib/riviera} {activehdl=E:/FPGA/nowone/SnakeGame/SnakeGame.cache/compile_simlib/activehdl}] -use_ip_compiled_libs -force -quiet
WARNING: [IP_Flow 19-4067] Ignoring invalid widget type specified checkbox.Providing a default widget
WARNING: [IP_Flow 19-4067] Ignoring invalid widget type specified checkbox.Providing a default widget
reset_run synth_1
INFO: [Project 1-1161] Replacing file E:/FPGA/nowone/SnakeGame/SnakeGame.srcs/utils_1/imports/synth_1/track_update.dcp with file E:/FPGA/nowone/SnakeGame/SnakeGame.runs/synth_1/direction_judgement_top.dcp
launch_runs impl_1 -to_step write_bitstream -jobs 16
[Mon Jun  5 08:31:22 2023] Launched synth_1...
Run output will be captured here: E:/FPGA/nowone/SnakeGame/SnakeGame.runs/synth_1/runme.log
[Mon Jun  5 08:31:23 2023] Launched impl_1...
Run output will be captured here: E:/FPGA/nowone/SnakeGame/SnakeGame.runs/impl_1/runme.log
reset_run synth_1
launch_runs impl_1 -to_step write_bitstream -jobs 16
[Mon Jun  5 08:32:18 2023] Launched synth_1...
Run output will be captured here: E:/FPGA/nowone/SnakeGame/SnakeGame.runs/synth_1/runme.log
[Mon Jun  5 08:32:18 2023] Launched impl_1...
Run output will be captured here: E:/FPGA/nowone/SnakeGame/SnakeGame.runs/impl_1/runme.log
WARNING: [IP_Flow 19-4067] Ignoring invalid widget type specified checkbox.Providing a default widget
WARNING: [IP_Flow 19-4067] Ignoring invalid widget type specified checkbox.Providing a default widget
set_property CONFIG.Memory_Type {Simple_Dual_Port_RAM} [get_ips blk_mem_gen_4]
generate_target all [get_files  e:/FPGA/nowone/SnakeGame/SnakeGame.srcs/sources_1/ip/blk_mem_gen_4_1/blk_mem_gen_4.xci]
INFO: [IP_Flow 19-1686] Generating 'Instantiation Template' target for IP 'blk_mem_gen_4'...
INFO: [IP_Flow 19-1686] Generating 'Synthesis' target for IP 'blk_mem_gen_4'...
INFO: [IP_Flow 19-1686] Generating 'Simulation' target for IP 'blk_mem_gen_4'...
INFO: [IP_Flow 19-1686] Generating 'Miscellaneous' target for IP 'blk_mem_gen_4'...
INFO: [IP_Flow 19-1686] Generating 'Change Log' target for IP 'blk_mem_gen_4'...
catch { config_ip_cache -export [get_ips -all blk_mem_gen_4] }
INFO: [IP_Flow 19-6924] IPCACHE: Running cache check for IP inst: blk_mem_gen_4
INFO: [IP_Flow 19-6922] IPCACHE: Exporting cached entry 561051b52f40c48e to dir: e:/FPGA/nowone/SnakeGame/SnakeGame.gen/sources_1/ip/blk_mem_gen_4_1
INFO: [IP_Flow 19-6928] IPCACHE: copied cached file e:/FPGA/nowone/SnakeGame/SnakeGame.cache/ip/2022.2/5/6/561051b52f40c48e/blk_mem_gen_1.dcp to e:/FPGA/nowone/SnakeGame/SnakeGame.gen/sources_1/ip/blk_mem_gen_4_1/blk_mem_gen_4.dcp.
INFO: [IP_Flow 19-6926] IPCACHE: added file to list for BOM: e:/FPGA/nowone/SnakeGame/SnakeGame.gen/sources_1/ip/blk_mem_gen_4_1/blk_mem_gen_4.dcp
INFO: [IP_Flow 19-6928] IPCACHE: copied cached file e:/FPGA/nowone/SnakeGame/SnakeGame.cache/ip/2022.2/5/6/561051b52f40c48e/blk_mem_gen_1_sim_netlist.v to e:/FPGA/nowone/SnakeGame/SnakeGame.gen/sources_1/ip/blk_mem_gen_4_1/blk_mem_gen_4_sim_netlist.v.
INFO: [IP_Flow 19-6926] IPCACHE: added file to list for BOM: e:/FPGA/nowone/SnakeGame/SnakeGame.gen/sources_1/ip/blk_mem_gen_4_1/blk_mem_gen_4_sim_netlist.v
INFO: [IP_Flow 19-6928] IPCACHE: copied cached file e:/FPGA/nowone/SnakeGame/SnakeGame.cache/ip/2022.2/5/6/561051b52f40c48e/blk_mem_gen_1_sim_netlist.vhdl to e:/FPGA/nowone/SnakeGame/SnakeGame.gen/sources_1/ip/blk_mem_gen_4_1/blk_mem_gen_4_sim_netlist.vhdl.
INFO: [IP_Flow 19-6926] IPCACHE: added file to list for BOM: e:/FPGA/nowone/SnakeGame/SnakeGame.gen/sources_1/ip/blk_mem_gen_4_1/blk_mem_gen_4_sim_netlist.vhdl
INFO: [IP_Flow 19-6928] IPCACHE: copied cached file e:/FPGA/nowone/SnakeGame/SnakeGame.cache/ip/2022.2/5/6/561051b52f40c48e/blk_mem_gen_1_stub.v to e:/FPGA/nowone/SnakeGame/SnakeGame.gen/sources_1/ip/blk_mem_gen_4_1/blk_mem_gen_4_stub.v.
INFO: [IP_Flow 19-6926] IPCACHE: added file to list for BOM: e:/FPGA/nowone/SnakeGame/SnakeGame.gen/sources_1/ip/blk_mem_gen_4_1/blk_mem_gen_4_stub.v
INFO: [IP_Flow 19-6928] IPCACHE: copied cached file e:/FPGA/nowone/SnakeGame/SnakeGame.cache/ip/2022.2/5/6/561051b52f40c48e/blk_mem_gen_1_stub.vhdl to e:/FPGA/nowone/SnakeGame/SnakeGame.gen/sources_1/ip/blk_mem_gen_4_1/blk_mem_gen_4_stub.vhdl.
INFO: [IP_Flow 19-6926] IPCACHE: added file to list for BOM: e:/FPGA/nowone/SnakeGame/SnakeGame.gen/sources_1/ip/blk_mem_gen_4_1/blk_mem_gen_4_stub.vhdl
INFO: [IP_Flow 19-4993] Using cached IP synthesis design for IP blk_mem_gen_4, cache-ID = 561051b52f40c48e; cache size = 100.175 MB.
catch { [ delete_ip_run [get_ips -all blk_mem_gen_4] ] }
INFO: [Project 1-386] Moving file 'e:/FPGA/nowone/SnakeGame/SnakeGame.srcs/sources_1/ip/blk_mem_gen_4_1/blk_mem_gen_4.xci' from fileset 'blk_mem_gen_4' to fileset 'sources_1'.
export_ip_user_files -of_objects [get_files e:/FPGA/nowone/SnakeGame/SnakeGame.srcs/sources_1/ip/blk_mem_gen_4_1/blk_mem_gen_4.xci] -no_script -sync -force -quiet
create_ip_run [get_files -of_objects [get_fileset sources_1] e:/FPGA/nowone/SnakeGame/SnakeGame.srcs/sources_1/ip/blk_mem_gen_4_1/blk_mem_gen_4.xci]
INFO: [Vivado 12-3453] The given sub-design is up-to-date, no action was taken.  If a run is still desired, use the '-force' option for the file:'e:/FPGA/nowone/SnakeGame/SnakeGame.srcs/sources_1/ip/blk_mem_gen_4_1/blk_mem_gen_4.xci'
export_simulation -of_objects [get_files e:/FPGA/nowone/SnakeGame/SnakeGame.srcs/sources_1/ip/blk_mem_gen_4_1/blk_mem_gen_4.xci] -directory E:/FPGA/nowone/SnakeGame/SnakeGame.ip_user_files/sim_scripts -ip_user_files_dir E:/FPGA/nowone/SnakeGame/SnakeGame.ip_user_files -ipstatic_source_dir E:/FPGA/nowone/SnakeGame/SnakeGame.ip_user_files/ipstatic -lib_map_path [list {modelsim=E:/FPGA/nowone/SnakeGame/SnakeGame.cache/compile_simlib/modelsim} {questa=E:/FPGA/nowone/SnakeGame/SnakeGame.cache/compile_simlib/questa} {riviera=E:/FPGA/nowone/SnakeGame/SnakeGame.cache/compile_simlib/riviera} {activehdl=E:/FPGA/nowone/SnakeGame/SnakeGame.cache/compile_simlib/activehdl}] -use_ip_compiled_libs -force -quiet
reset_run synth_1
launch_runs impl_1 -to_step write_bitstream -jobs 16
INFO: [Vivado 12-4149] The synthesis checkpoint for IP 'e:/FPGA/nowone/SnakeGame/SnakeGame.srcs/sources_1/ip/blk_mem_gen_4_1/blk_mem_gen_4.xci' is already up-to-date
[Mon Jun  5 08:33:06 2023] Launched synth_1...
Run output will be captured here: E:/FPGA/nowone/SnakeGame/SnakeGame.runs/synth_1/runme.log
[Mon Jun  5 08:33:07 2023] Launched impl_1...
Run output will be captured here: E:/FPGA/nowone/SnakeGame/SnakeGame.runs/impl_1/runme.log
WARNING: [IP_Flow 19-4067] Ignoring invalid widget type specified checkbox.Providing a default widget
WARNING: [IP_Flow 19-4067] Ignoring invalid widget type specified checkbox.Providing a default widget
reset_run synth_1
INFO: [Project 1-1161] Replacing file E:/FPGA/nowone/SnakeGame/SnakeGame.srcs/utils_1/imports/synth_1/track_update.dcp with file E:/FPGA/nowone/SnakeGame/SnakeGame.runs/synth_1/direction_judgement_top.dcp
launch_runs impl_1 -to_step write_bitstream -jobs 16
INFO: [Vivado 12-4149] The synthesis checkpoint for IP 'e:/FPGA/nowone/SnakeGame/SnakeGame.srcs/sources_1/ip/blk_mem_gen_4_1/blk_mem_gen_4.xci' is already up-to-date
[Mon Jun  5 08:42:48 2023] Launched synth_1...
Run output will be captured here: E:/FPGA/nowone/SnakeGame/SnakeGame.runs/synth_1/runme.log
[Mon Jun  5 08:42:48 2023] Launched impl_1...
Run output will be captured here: E:/FPGA/nowone/SnakeGame/SnakeGame.runs/impl_1/runme.log
WARNING: [IP_Flow 19-4067] Ignoring invalid widget type specified checkbox.Providing a default widget
WARNING: [IP_Flow 19-4067] Ignoring invalid widget type specified checkbox.Providing a default widget
WARNING: [IP_Flow 19-4067] Ignoring invalid widget type specified checkbox.Providing a default widget
WARNING: [IP_Flow 19-4067] Ignoring invalid widget type specified checkbox.Providing a default widget
WARNING: [IP_Flow 19-4067] Ignoring invalid widget type specified checkbox.Providing a default widget
WARNING: [IP_Flow 19-4067] Ignoring invalid widget type specified checkbox.Providing a default widget
WARNING: [IP_Flow 19-4067] Ignoring invalid widget type specified checkbox.Providing a default widget
WARNING: [IP_Flow 19-4067] Ignoring invalid widget type specified checkbox.Providing a default widget
update_compile_order -fileset sources_1
WARNING: [IP_Flow 19-4067] Ignoring invalid widget type specified checkbox.Providing a default widget
WARNING: [IP_Flow 19-4067] Ignoring invalid widget type specified checkbox.Providing a default widget
WARNING: [IP_Flow 19-4067] Ignoring invalid widget type specified checkbox.Providing a default widget
WARNING: [IP_Flow 19-4067] Ignoring invalid widget type specified checkbox.Providing a default widget
WARNING: [IP_Flow 19-4067] Ignoring invalid widget type specified checkbox.Providing a default widget
WARNING: [IP_Flow 19-4067] Ignoring invalid widget type specified checkbox.Providing a default widget
WARNING: [IP_Flow 19-4067] Ignoring invalid widget type specified checkbox.Providing a default widget
WARNING: [IP_Flow 19-4067] Ignoring invalid widget type specified checkbox.Providing a default widget
set_property -dict [list \
  CONFIG.Memory_Type {Single_Port_ROM} \
  CONFIG.Write_Width_A {12} \
] [get_ips blk_mem_gen_4]
generate_target all [get_files  e:/FPGA/nowone/SnakeGame/SnakeGame.srcs/sources_1/ip/blk_mem_gen_4_1/blk_mem_gen_4.xci]
INFO: [IP_Flow 19-1686] Generating 'Instantiation Template' target for IP 'blk_mem_gen_4'...
INFO: [IP_Flow 19-1686] Generating 'Synthesis' target for IP 'blk_mem_gen_4'...
INFO: [IP_Flow 19-1686] Generating 'Simulation' target for IP 'blk_mem_gen_4'...
INFO: [IP_Flow 19-1686] Generating 'Miscellaneous' target for IP 'blk_mem_gen_4'...
INFO: [IP_Flow 19-1686] Generating 'Change Log' target for IP 'blk_mem_gen_4'...
catch { config_ip_cache -export [get_ips -all blk_mem_gen_4] }
INFO: [IP_Flow 19-6924] IPCACHE: Running cache check for IP inst: blk_mem_gen_4
INFO: [IP_Flow 19-6922] IPCACHE: Exporting cached entry 1d90d1d4d694649e to dir: e:/FPGA/nowone/SnakeGame/SnakeGame.gen/sources_1/ip/blk_mem_gen_4_1
INFO: [IP_Flow 19-6928] IPCACHE: copied cached file e:/FPGA/nowone/SnakeGame/SnakeGame.cache/ip/2022.2/1/d/1d90d1d4d694649e/blk_mem_gen_3.dcp to e:/FPGA/nowone/SnakeGame/SnakeGame.gen/sources_1/ip/blk_mem_gen_4_1/blk_mem_gen_4.dcp.
INFO: [IP_Flow 19-6926] IPCACHE: added file to list for BOM: e:/FPGA/nowone/SnakeGame/SnakeGame.gen/sources_1/ip/blk_mem_gen_4_1/blk_mem_gen_4.dcp
INFO: [IP_Flow 19-6928] IPCACHE: copied cached file e:/FPGA/nowone/SnakeGame/SnakeGame.cache/ip/2022.2/1/d/1d90d1d4d694649e/blk_mem_gen_3_sim_netlist.v to e:/FPGA/nowone/SnakeGame/SnakeGame.gen/sources_1/ip/blk_mem_gen_4_1/blk_mem_gen_4_sim_netlist.v.
INFO: [IP_Flow 19-6926] IPCACHE: added file to list for BOM: e:/FPGA/nowone/SnakeGame/SnakeGame.gen/sources_1/ip/blk_mem_gen_4_1/blk_mem_gen_4_sim_netlist.v
INFO: [IP_Flow 19-6928] IPCACHE: copied cached file e:/FPGA/nowone/SnakeGame/SnakeGame.cache/ip/2022.2/1/d/1d90d1d4d694649e/blk_mem_gen_3_sim_netlist.vhdl to e:/FPGA/nowone/SnakeGame/SnakeGame.gen/sources_1/ip/blk_mem_gen_4_1/blk_mem_gen_4_sim_netlist.vhdl.
INFO: [IP_Flow 19-6926] IPCACHE: added file to list for BOM: e:/FPGA/nowone/SnakeGame/SnakeGame.gen/sources_1/ip/blk_mem_gen_4_1/blk_mem_gen_4_sim_netlist.vhdl
INFO: [IP_Flow 19-6928] IPCACHE: copied cached file e:/FPGA/nowone/SnakeGame/SnakeGame.cache/ip/2022.2/1/d/1d90d1d4d694649e/blk_mem_gen_3_stub.v to e:/FPGA/nowone/SnakeGame/SnakeGame.gen/sources_1/ip/blk_mem_gen_4_1/blk_mem_gen_4_stub.v.
INFO: [IP_Flow 19-6926] IPCACHE: added file to list for BOM: e:/FPGA/nowone/SnakeGame/SnakeGame.gen/sources_1/ip/blk_mem_gen_4_1/blk_mem_gen_4_stub.v
INFO: [IP_Flow 19-6928] IPCACHE: copied cached file e:/FPGA/nowone/SnakeGame/SnakeGame.cache/ip/2022.2/1/d/1d90d1d4d694649e/blk_mem_gen_3_stub.vhdl to e:/FPGA/nowone/SnakeGame/SnakeGame.gen/sources_1/ip/blk_mem_gen_4_1/blk_mem_gen_4_stub.vhdl.
INFO: [IP_Flow 19-6926] IPCACHE: added file to list for BOM: e:/FPGA/nowone/SnakeGame/SnakeGame.gen/sources_1/ip/blk_mem_gen_4_1/blk_mem_gen_4_stub.vhdl
INFO: [IP_Flow 19-4993] Using cached IP synthesis design for IP blk_mem_gen_4, cache-ID = 1d90d1d4d694649e; cache size = 100.175 MB.
export_ip_user_files -of_objects [get_files e:/FPGA/nowone/SnakeGame/SnakeGame.srcs/sources_1/ip/blk_mem_gen_4_1/blk_mem_gen_4.xci] -no_script -sync -force -quiet
create_ip_run [get_files -of_objects [get_fileset sources_1] e:/FPGA/nowone/SnakeGame/SnakeGame.srcs/sources_1/ip/blk_mem_gen_4_1/blk_mem_gen_4.xci]
INFO: [Vivado 12-3453] The given sub-design is up-to-date, no action was taken.  If a run is still desired, use the '-force' option for the file:'e:/FPGA/nowone/SnakeGame/SnakeGame.srcs/sources_1/ip/blk_mem_gen_4_1/blk_mem_gen_4.xci'
export_simulation -of_objects [get_files e:/FPGA/nowone/SnakeGame/SnakeGame.srcs/sources_1/ip/blk_mem_gen_4_1/blk_mem_gen_4.xci] -directory E:/FPGA/nowone/SnakeGame/SnakeGame.ip_user_files/sim_scripts -ip_user_files_dir E:/FPGA/nowone/SnakeGame/SnakeGame.ip_user_files -ipstatic_source_dir E:/FPGA/nowone/SnakeGame/SnakeGame.ip_user_files/ipstatic -lib_map_path [list {modelsim=E:/FPGA/nowone/SnakeGame/SnakeGame.cache/compile_simlib/modelsim} {questa=E:/FPGA/nowone/SnakeGame/SnakeGame.cache/compile_simlib/questa} {riviera=E:/FPGA/nowone/SnakeGame/SnakeGame.cache/compile_simlib/riviera} {activehdl=E:/FPGA/nowone/SnakeGame/SnakeGame.cache/compile_simlib/activehdl}] -use_ip_compiled_libs -force -quiet
update_compile_order -fileset sources_1
reset_run synth_1
INFO: [Project 1-1161] Replacing file E:/FPGA/nowone/SnakeGame/SnakeGame.srcs/utils_1/imports/synth_1/track_update.dcp with file E:/FPGA/nowone/SnakeGame/SnakeGame.runs/synth_1/direction_judgement_top.dcp
launch_runs impl_1 -to_step write_bitstream -jobs 16
INFO: [Vivado 12-4149] The synthesis checkpoint for IP 'e:/FPGA/nowone/SnakeGame/SnakeGame.srcs/sources_1/ip/blk_mem_gen_4_1/blk_mem_gen_4.xci' is already up-to-date
[Mon Jun  5 08:52:52 2023] Launched synth_1...
Run output will be captured here: E:/FPGA/nowone/SnakeGame/SnakeGame.runs/synth_1/runme.log
[Mon Jun  5 08:52:52 2023] Launched impl_1...
Run output will be captured here: E:/FPGA/nowone/SnakeGame/SnakeGame.runs/impl_1/runme.log
WARNING: [IP_Flow 19-4067] Ignoring invalid widget type specified checkbox.Providing a default widget
WARNING: [IP_Flow 19-4067] Ignoring invalid widget type specified checkbox.Providing a default widget
WARNING: [IP_Flow 19-4067] Ignoring invalid widget type specified checkbox.Providing a default widget
WARNING: [IP_Flow 19-4067] Ignoring invalid widget type specified checkbox.Providing a default widget
update_compile_order -fileset sources_1
reset_run synth_1
INFO: [Project 1-1161] Replacing file E:/FPGA/nowone/SnakeGame/SnakeGame.srcs/utils_1/imports/synth_1/track_update.dcp with file E:/FPGA/nowone/SnakeGame/SnakeGame.runs/synth_1/direction_judgement_top.dcp
launch_runs impl_1 -to_step write_bitstream -jobs 16
[Mon Jun  5 09:02:38 2023] Launched synth_1...
Run output will be captured here: E:/FPGA/nowone/SnakeGame/SnakeGame.runs/synth_1/runme.log
[Mon Jun  5 09:02:39 2023] Launched impl_1...
Run output will be captured here: E:/FPGA/nowone/SnakeGame/SnakeGame.runs/impl_1/runme.log
open_run impl_1
INFO: [Device 21-403] Loading part xc7a35tcpg236-1
Netlist sorting complete. Time (s): cpu = 00:00:00 ; elapsed = 00:00:00.119 . Memory (MB): peak = 4206.145 ; gain = 0.000
INFO: [Netlist 29-17] Analyzing 6936 Unisim elements for replacement
INFO: [Netlist 29-28] Unisim Transformation completed in 1 CPU seconds
INFO: [Project 1-479] Netlist was created with Vivado 2022.2
INFO: [Project 1-570] Preparing netlist for logic optimization
WARNING: [Constraints 18-550] Could not create 'IBUF_LOW_PWR' constraint because net 'clk_div/clk_in1' is not directly connected to top level port. Synthesis is ignored for IBUF_LOW_PWR but preserved for implementation.
WARNING: [Constraints 18-550] Could not create 'IBUF_LOW_PWR' constraint because net 'game/clk_1/clk_in1' is not directly connected to top level port. Synthesis is ignored for IBUF_LOW_PWR but preserved for implementation.
INFO: [Timing 38-478] Restoring timing data from binary archive.
INFO: [Timing 38-479] Binary timing data restore complete.
INFO: [Project 1-856] Restoring constraints from binary archive.
INFO: [Project 1-853] Binary constraint restore complete.
Reading XDEF placement.
Reading placer database...
Reading XDEF routing.
Read XDEF Files: Time (s): cpu = 00:00:02 ; elapsed = 00:00:02 . Memory (MB): peak = 4970.254 ; gain = 18.305
Restored from archive | CPU: 2.000000 secs | Memory: 0.000000 MB |
Finished XDEF File Restore: Time (s): cpu = 00:00:02 ; elapsed = 00:00:02 . Memory (MB): peak = 4970.254 ; gain = 18.305
Netlist sorting complete. Time (s): cpu = 00:00:00 ; elapsed = 00:00:00.007 . Memory (MB): peak = 4970.254 ; gain = 0.000
INFO: [Project 1-111] Unisim Transformation Summary:
  A total of 801 instances were transformed.
  IOBUF => IOBUF (IBUF, OBUFT): 1 instance 
  RAM128X1D => RAM128X1D (MUXF7(x2), RAMD64E(x4)): 512 instances
  RAM64M => RAM64M (RAMD64E(x4)): 288 instances

open_run: Time (s): cpu = 00:00:26 ; elapsed = 00:00:18 . Memory (MB): peak = 5127.820 ; gain = 1275.156
open_report: Time (s): cpu = 00:00:16 ; elapsed = 00:00:07 . Memory (MB): peak = 5319.961 ; gain = 180.582
CRITICAL WARNING: [Timing 38-282] The design failed to meet the timing requirements. Please see the timing summary report for details on the timing violations.
open_hw_manager
connect_hw_server -allow_non_jtag
INFO: [Labtools 27-2285] Connecting to hw_server url TCP:localhost:3121
INFO: [Labtools 27-2222] Launching hw_server...
INFO: [Labtools 27-2221] Launch Output:

****** Xilinx hw_server v2022.2
  **** Build date : Oct 14 2022 at 05:18:10
    ** Copyright 1986-2022 Xilinx, Inc. All Rights Reserved.


INFO: [Labtools 27-3415] Connecting to cs_server url TCP:localhost:0
INFO: [Labtools 27-3417] Launching cs_server...
INFO: [Labtools 27-2221] Launch Output:


******** Xilinx cs_server v2022.2.0
  ****** Build date   : Oct 05 2022-07:25:37
    **** Build number : 2022.2.1664925937
      ** Copyright 2017-2023 Xilinx, Inc. All Rights Reserved.



connect_hw_server: Time (s): cpu = 00:00:01 ; elapsed = 00:00:06 . Memory (MB): peak = 5530.078 ; gain = 0.000
open_hw_target
INFO: [Labtoolstcl 44-466] Opening hw_target localhost:3121/xilinx_tcf/Digilent/210183ACA2D0A
set_property PROGRAM.FILE {E:/FPGA/nowone/SnakeGame/SnakeGame.runs/impl_1/direction_judgement_top.bit} [get_hw_devices xc7a35t_0]
current_hw_device [get_hw_devices xc7a35t_0]
refresh_hw_device -update_hw_probes false [lindex [get_hw_devices xc7a35t_0] 0]
INFO: [Labtools 27-1434] Device xc7a35t (JTAG device index = 0) is programmed with a design that has no supported debug core(s) in it.
set_property PROBES.FILE {} [get_hw_devices xc7a35t_0]
set_property FULL_PROBES.FILE {} [get_hw_devices xc7a35t_0]
set_property PROGRAM.FILE {E:/FPGA/nowone/SnakeGame/SnakeGame.runs/impl_1/direction_judgement_top.bit} [get_hw_devices xc7a35t_0]
program_hw_devices [get_hw_devices xc7a35t_0]
INFO: [Labtools 27-3164] End of startup status: HIGH
refresh_hw_device [lindex [get_hw_devices xc7a35t_0] 0]
INFO: [Labtools 27-1434] Device xc7a35t (JTAG device index = 0) is programmed with a design that has no supported debug core(s) in it.
close_hw_manager
reset_run synth_1
INFO: [Project 1-1161] Replacing file E:/FPGA/nowone/SnakeGame/SnakeGame.srcs/utils_1/imports/synth_1/track_update.dcp with file E:/FPGA/nowone/SnakeGame/SnakeGame.runs/synth_1/direction_judgement_top.dcp
launch_runs impl_1 -to_step write_bitstream -jobs 16
[Mon Jun  5 09:15:05 2023] Launched synth_1...
Run output will be captured here: E:/FPGA/nowone/SnakeGame/SnakeGame.runs/synth_1/runme.log
[Mon Jun  5 09:15:05 2023] Launched impl_1...
Run output will be captured here: E:/FPGA/nowone/SnakeGame/SnakeGame.runs/impl_1/runme.log
close_design
WARNING: [IP_Flow 19-4067] Ignoring invalid widget type specified checkbox.Providing a default widget
WARNING: [IP_Flow 19-4067] Ignoring invalid widget type specified checkbox.Providing a default widget
open_hw_manager
connect_hw_server -allow_non_jtag
INFO: [Labtools 27-2285] Connecting to hw_server url TCP:localhost:3121
INFO: [Labtools 27-2222] Launching hw_server...
INFO: [Labtools 27-2221] Launch Output:

****** Xilinx hw_server v2022.2
  **** Build date : Oct 14 2022 at 05:18:10
    ** Copyright 1986-2022 Xilinx, Inc. All Rights Reserved.


INFO: [Labtools 27-3415] Connecting to cs_server url TCP:localhost:0
INFO: [Labtools 27-3417] Launching cs_server...
INFO: [Labtools 27-2221] Launch Output:


******** Xilinx cs_server v2022.2.0
  ****** Build date   : Oct 05 2022-07:25:37
    **** Build number : 2022.2.1664925937
      ** Copyright 2017-2023 Xilinx, Inc. All Rights Reserved.



connect_hw_server: Time (s): cpu = 00:00:00 ; elapsed = 00:00:07 . Memory (MB): peak = 5821.746 ; gain = 0.000
open_hw_target
INFO: [Labtoolstcl 44-466] Opening hw_target localhost:3121/xilinx_tcf/Digilent/210183ACA2D0A
set_property PROGRAM.FILE {E:/FPGA/nowone/SnakeGame/SnakeGame.runs/impl_1/direction_judgement_top.bit} [get_hw_devices xc7a35t_0]
current_hw_device [get_hw_devices xc7a35t_0]
refresh_hw_device -update_hw_probes false [lindex [get_hw_devices xc7a35t_0] 0]
INFO: [Labtools 27-1434] Device xc7a35t (JTAG device index = 0) is programmed with a design that has no supported debug core(s) in it.
set_property PROBES.FILE {} [get_hw_devices xc7a35t_0]
set_property FULL_PROBES.FILE {} [get_hw_devices xc7a35t_0]
set_property PROGRAM.FILE {E:/FPGA/nowone/SnakeGame/SnakeGame.runs/impl_1/direction_judgement_top.bit} [get_hw_devices xc7a35t_0]
program_hw_devices [get_hw_devices xc7a35t_0]
INFO: [Labtools 27-3164] End of startup status: HIGH
refresh_hw_device [lindex [get_hw_devices xc7a35t_0] 0]
INFO: [Labtools 27-1434] Device xc7a35t (JTAG device index = 0) is programmed with a design that has no supported debug core(s) in it.
reset_run synth_1
INFO: [Project 1-1161] Replacing file E:/FPGA/nowone/SnakeGame/SnakeGame.srcs/utils_1/imports/synth_1/track_update.dcp with file E:/FPGA/nowone/SnakeGame/SnakeGame.runs/synth_1/direction_judgement_top.dcp
launch_runs impl_1 -to_step write_bitstream -jobs 16
[Mon Jun  5 09:24:41 2023] Launched synth_1...
Run output will be captured here: E:/FPGA/nowone/SnakeGame/SnakeGame.runs/synth_1/runme.log
[Mon Jun  5 09:24:41 2023] Launched impl_1...
Run output will be captured here: E:/FPGA/nowone/SnakeGame/SnakeGame.runs/impl_1/runme.log
set_property PROBES.FILE {} [get_hw_devices xc7a35t_0]
set_property FULL_PROBES.FILE {} [get_hw_devices xc7a35t_0]
set_property PROGRAM.FILE {E:/FPGA/nowone/SnakeGame/SnakeGame.runs/impl_1/direction_judgement_top.bit} [get_hw_devices xc7a35t_0]
program_hw_devices [get_hw_devices xc7a35t_0]
INFO: [Labtools 27-3164] End of startup status: HIGH
refresh_hw_device [lindex [get_hw_devices xc7a35t_0] 0]
INFO: [Labtools 27-1434] Device xc7a35t (JTAG device index = 0) is programmed with a design that has no supported debug core(s) in it.
close_hw_manager
reset_run synth_1
INFO: [Project 1-1161] Replacing file E:/FPGA/nowone/SnakeGame/SnakeGame.srcs/utils_1/imports/synth_1/track_update.dcp with file E:/FPGA/nowone/SnakeGame/SnakeGame.runs/synth_1/direction_judgement_top.dcp
launch_runs impl_1 -to_step write_bitstream -jobs 16
[Mon Jun  5 09:45:53 2023] Launched synth_1...
Run output will be captured here: E:/FPGA/nowone/SnakeGame/SnakeGame.runs/synth_1/runme.log
[Mon Jun  5 09:45:53 2023] Launched impl_1...
Run output will be captured here: E:/FPGA/nowone/SnakeGame/SnakeGame.runs/impl_1/runme.log
open_hw_manager
connect_hw_server -allow_non_jtag
INFO: [Labtools 27-2285] Connecting to hw_server url TCP:localhost:3121
INFO: [Labtools 27-2222] Launching hw_server...
INFO: [Labtools 27-2221] Launch Output:

****** Xilinx hw_server v2022.2
  **** Build date : Oct 14 2022 at 05:18:10
    ** Copyright 1986-2022 Xilinx, Inc. All Rights Reserved.


INFO: [Labtools 27-3415] Connecting to cs_server url TCP:localhost:0
INFO: [Labtools 27-3417] Launching cs_server...
INFO: [Labtools 27-2221] Launch Output:


******** Xilinx cs_server v2022.2.0
  ****** Build date   : Oct 05 2022-07:25:37
    **** Build number : 2022.2.1664925937
      ** Copyright 2017-2023 Xilinx, Inc. All Rights Reserved.



connect_hw_server: Time (s): cpu = 00:00:01 ; elapsed = 00:00:07 . Memory (MB): peak = 5821.746 ; gain = 0.000
open_hw_target
INFO: [Labtoolstcl 44-466] Opening hw_target localhost:3121/xilinx_tcf/Digilent/210183ACA2D0A
set_property PROGRAM.FILE {E:/FPGA/nowone/SnakeGame/SnakeGame.runs/impl_1/direction_judgement_top.bit} [get_hw_devices xc7a35t_0]
current_hw_device [get_hw_devices xc7a35t_0]
refresh_hw_device -update_hw_probes false [lindex [get_hw_devices xc7a35t_0] 0]
INFO: [Labtools 27-1434] Device xc7a35t (JTAG device index = 0) is programmed with a design that has no supported debug core(s) in it.
set_property PROBES.FILE {} [get_hw_devices xc7a35t_0]
set_property FULL_PROBES.FILE {} [get_hw_devices xc7a35t_0]
set_property PROGRAM.FILE {E:/FPGA/nowone/SnakeGame/SnakeGame.runs/impl_1/direction_judgement_top.bit} [get_hw_devices xc7a35t_0]
program_hw_devices [get_hw_devices xc7a35t_0]
INFO: [Labtools 27-3164] End of startup status: HIGH
refresh_hw_device [lindex [get_hw_devices xc7a35t_0] 0]
INFO: [Labtools 27-1434] Device xc7a35t (JTAG device index = 0) is programmed with a design that has no supported debug core(s) in it.
close_hw_manager
update_compile_order -fileset sources_1
update_compile_order -fileset sources_1
reset_run synth_1
INFO: [Project 1-1161] Replacing file E:/FPGA/nowone/SnakeGame/SnakeGame.srcs/utils_1/imports/synth_1/track_update.dcp with file E:/FPGA/nowone/SnakeGame/SnakeGame.runs/synth_1/direction_judgement_top.dcp
launch_runs impl_1 -to_step write_bitstream -jobs 16
[Mon Jun  5 10:25:48 2023] Launched synth_1...
Run output will be captured here: E:/FPGA/nowone/SnakeGame/SnakeGame.runs/synth_1/runme.log
[Mon Jun  5 10:25:48 2023] Launched impl_1...
Run output will be captured here: E:/FPGA/nowone/SnakeGame/SnakeGame.runs/impl_1/runme.log
reset_run synth_1
launch_runs impl_1 -to_step write_bitstream -jobs 16
[Mon Jun  5 10:26:44 2023] Launched synth_1...
Run output will be captured here: E:/FPGA/nowone/SnakeGame/SnakeGame.runs/synth_1/runme.log
[Mon Jun  5 10:26:44 2023] Launched impl_1...
Run output will be captured here: E:/FPGA/nowone/SnakeGame/SnakeGame.runs/impl_1/runme.log
open_hw_manager
connect_hw_server -allow_non_jtag
INFO: [Labtools 27-2285] Connecting to hw_server url TCP:localhost:3121
INFO: [Labtools 27-2222] Launching hw_server...
INFO: [Labtools 27-2221] Launch Output:

****** Xilinx hw_server v2022.2
  **** Build date : Oct 14 2022 at 05:18:10
    ** Copyright 1986-2022 Xilinx, Inc. All Rights Reserved.


INFO: [Labtools 27-3415] Connecting to cs_server url TCP:localhost:0
INFO: [Labtools 27-3417] Launching cs_server...
INFO: [Labtools 27-2221] Launch Output:


******** Xilinx cs_server v2022.2.0
  ****** Build date   : Oct 05 2022-07:25:37
    **** Build number : 2022.2.1664925937
      ** Copyright 2017-2023 Xilinx, Inc. All Rights Reserved.



connect_hw_server: Time (s): cpu = 00:00:00 ; elapsed = 00:00:06 . Memory (MB): peak = 5821.746 ; gain = 0.000
open_hw_target
INFO: [Labtoolstcl 44-466] Opening hw_target localhost:3121/xilinx_tcf/Digilent/210183ACA2D0A
set_property PROGRAM.FILE {E:/FPGA/nowone/SnakeGame/SnakeGame.runs/impl_1/direction_judgement_top.bit} [get_hw_devices xc7a35t_0]
current_hw_device [get_hw_devices xc7a35t_0]
refresh_hw_device -update_hw_probes false [lindex [get_hw_devices xc7a35t_0] 0]
INFO: [Labtools 27-1434] Device xc7a35t (JTAG device index = 0) is programmed with a design that has no supported debug core(s) in it.
set_property PROBES.FILE {} [get_hw_devices xc7a35t_0]
set_property FULL_PROBES.FILE {} [get_hw_devices xc7a35t_0]
set_property PROGRAM.FILE {E:/FPGA/nowone/SnakeGame/SnakeGame.runs/impl_1/direction_judgement_top.bit} [get_hw_devices xc7a35t_0]
program_hw_devices [get_hw_devices xc7a35t_0]
INFO: [Labtools 27-3164] End of startup status: HIGH
refresh_hw_device [lindex [get_hw_devices xc7a35t_0] 0]
INFO: [Labtools 27-1434] Device xc7a35t (JTAG device index = 0) is programmed with a design that has no supported debug core(s) in it.
close_hw_manager
reset_run synth_1
INFO: [Project 1-1161] Replacing file E:/FPGA/nowone/SnakeGame/SnakeGame.srcs/utils_1/imports/synth_1/track_update.dcp with file E:/FPGA/nowone/SnakeGame/SnakeGame.runs/synth_1/direction_judgement_top.dcp
launch_runs impl_1 -to_step write_bitstream -jobs 16
[Mon Jun  5 10:57:21 2023] Launched synth_1...
Run output will be captured here: E:/FPGA/nowone/SnakeGame/SnakeGame.runs/synth_1/runme.log
[Mon Jun  5 10:57:21 2023] Launched impl_1...
Run output will be captured here: E:/FPGA/nowone/SnakeGame/SnakeGame.runs/impl_1/runme.log
reset_run synth_1
WARNING: [Vivado 12-1017] Problems encountered:
1. Failed to delete one or more files in run directory E:/FPGA/nowone/SnakeGame/SnakeGame.runs/synth_1

launch_runs impl_1 -to_step write_bitstream -jobs 16
[Mon Jun  5 10:58:08 2023] Launched synth_1...
Run output will be captured here: E:/FPGA/nowone/SnakeGame/SnakeGame.runs/synth_1/runme.log
[Mon Jun  5 10:58:08 2023] Launched impl_1...
Run output will be captured here: E:/FPGA/nowone/SnakeGame/SnakeGame.runs/impl_1/runme.log
open_run impl_1
Netlist sorting complete. Time (s): cpu = 00:00:00 ; elapsed = 00:00:00.126 . Memory (MB): peak = 5821.746 ; gain = 0.000
INFO: [Netlist 29-17] Analyzing 6970 Unisim elements for replacement
INFO: [Netlist 29-28] Unisim Transformation completed in 1 CPU seconds
INFO: [Project 1-479] Netlist was created with Vivado 2022.2
INFO: [Project 1-570] Preparing netlist for logic optimization
WARNING: [Constraints 18-550] Could not create 'IBUF_LOW_PWR' constraint because net 'clk_div/clk_in1' is not directly connected to top level port. Synthesis is ignored for IBUF_LOW_PWR but preserved for implementation.
WARNING: [Constraints 18-550] Could not create 'IBUF_LOW_PWR' constraint because net 'game/clk_1/clk_in1' is not directly connected to top level port. Synthesis is ignored for IBUF_LOW_PWR but preserved for implementation.
INFO: [Timing 38-478] Restoring timing data from binary archive.
INFO: [Timing 38-479] Binary timing data restore complete.
INFO: [Project 1-856] Restoring constraints from binary archive.
INFO: [Project 1-853] Binary constraint restore complete.
Reading XDEF placement.
Reading placer database...
Reading XDEF routing.
Read XDEF Files: Time (s): cpu = 00:00:03 ; elapsed = 00:00:02 . Memory (MB): peak = 5821.746 ; gain = 0.000
Restored from archive | CPU: 3.000000 secs | Memory: 0.000000 MB |
Finished XDEF File Restore: Time (s): cpu = 00:00:03 ; elapsed = 00:00:02 . Memory (MB): peak = 5821.746 ; gain = 0.000
Netlist sorting complete. Time (s): cpu = 00:00:00 ; elapsed = 00:00:00.007 . Memory (MB): peak = 5821.746 ; gain = 0.000
INFO: [Project 1-111] Unisim Transformation Summary:
  A total of 801 instances were transformed.
  IOBUF => IOBUF (IBUF, OBUFT): 1 instance 
  RAM128X1D => RAM128X1D (MUXF7(x2), RAMD64E(x4)): 512 instances
  RAM64M => RAM64M (RAMD64E(x4)): 288 instances

open_run: Time (s): cpu = 00:00:12 ; elapsed = 00:00:08 . Memory (MB): peak = 5821.746 ; gain = 0.000
open_report: Time (s): cpu = 00:00:15 ; elapsed = 00:00:06 . Memory (MB): peak = 5874.203 ; gain = 52.457
CRITICAL WARNING: [Timing 38-282] The design failed to meet the timing requirements. Please see the timing summary report for details on the timing violations.
open_hw_manager
connect_hw_server -allow_non_jtag
INFO: [Labtools 27-2285] Connecting to hw_server url TCP:localhost:3121
INFO: [Labtools 27-2222] Launching hw_server...
INFO: [Labtools 27-2221] Launch Output:

****** Xilinx hw_server v2022.2
  **** Build date : Oct 14 2022 at 05:18:10
    ** Copyright 1986-2022 Xilinx, Inc. All Rights Reserved.


INFO: [Labtools 27-3415] Connecting to cs_server url TCP:localhost:0
INFO: [Labtools 27-3417] Launching cs_server...
INFO: [Labtools 27-2221] Launch Output:


******** Xilinx cs_server v2022.2.0
  ****** Build date   : Oct 05 2022-07:25:37
    **** Build number : 2022.2.1664925937
      ** Copyright 2017-2023 Xilinx, Inc. All Rights Reserved.



connect_hw_server: Time (s): cpu = 00:00:00 ; elapsed = 00:00:07 . Memory (MB): peak = 5963.973 ; gain = 0.000
open_hw_target
INFO: [Labtoolstcl 44-466] Opening hw_target localhost:3121/xilinx_tcf/Digilent/210183ACA2D0A
set_property PROGRAM.FILE {E:/FPGA/nowone/SnakeGame/SnakeGame.runs/impl_1/direction_judgement_top.bit} [get_hw_devices xc7a35t_0]
current_hw_device [get_hw_devices xc7a35t_0]
refresh_hw_device -update_hw_probes false [lindex [get_hw_devices xc7a35t_0] 0]
INFO: [Labtools 27-1434] Device xc7a35t (JTAG device index = 0) is programmed with a design that has no supported debug core(s) in it.
set_property PROBES.FILE {} [get_hw_devices xc7a35t_0]
set_property FULL_PROBES.FILE {} [get_hw_devices xc7a35t_0]
set_property PROGRAM.FILE {E:/FPGA/nowone/SnakeGame/SnakeGame.runs/impl_1/direction_judgement_top.bit} [get_hw_devices xc7a35t_0]
program_hw_devices [get_hw_devices xc7a35t_0]
INFO: [Labtools 27-3164] End of startup status: HIGH
refresh_hw_device [lindex [get_hw_devices xc7a35t_0] 0]
INFO: [Labtools 27-1434] Device xc7a35t (JTAG device index = 0) is programmed with a design that has no supported debug core(s) in it.
close_hw_manager
set_property dataflow_viewer_settings "min_width=16"   [current_fileset]
set_property STEPS.WRITE_BITSTREAM.ARGS.BIN_FILE true [get_runs impl_1]
WARNING: [filemgmt 56-199] Attempt to get parsing info during refresh. "On-the-fly" syntax checking information may be incorrect. [E:\FPGA\nowone\SnakeGame\SnakeGame.srcs\sources_1\imports\new\vga_driver.v:]
WARNING: [filemgmt 56-199] Attempt to get parsing info during refresh. "On-the-fly" syntax checking information may be incorrect. [E:\FPGA\nowone\SnakeGame\SnakeGame.srcs\sources_1\new\drawing.v:]
WARNING: [filemgmt 56-199] Attempt to get parsing info during refresh. "On-the-fly" syntax checking information may be incorrect. [E:\FPGA\nowone\SnakeGame\SnakeGame.srcs\sources_1\new\game_state.v:]
WARNING: [filemgmt 56-199] Attempt to get parsing info during refresh. "On-the-fly" syntax checking information may be incorrect. [E:\FPGA\nowone\SnakeGame\SnakeGame.srcs\sources_1\new\state.v:]
WARNING: [filemgmt 56-199] Attempt to get parsing info during refresh. "On-the-fly" syntax checking information may be incorrect. [E:\FPGA\nowone\SnakeGame\SnakeGame.srcs\sources_1\new\track_update.v:]
WARNING: [filemgmt 56-199] Attempt to get parsing info during refresh. "On-the-fly" syntax checking information may be incorrect. [E:\FPGA\nowone\SnakeGame\SnakeGame.srcs\sources_1\new\vga_gen.v:]
WARNING: [filemgmt 56-199] Attempt to get parsing info during refresh. "On-the-fly" syntax checking information may be incorrect. [E:\FPGA\nowone\SnakeGame\SnakeGame.srcs\sources_1\imports\new\hand_cordinate_processing.v:]
WARNING: [filemgmt 56-199] Attempt to get parsing info during refresh. "On-the-fly" syntax checking information may be incorrect. [E:\FPGA\nowone\SnakeGame\SnakeGame.srcs\sources_1\imports\new\direction_judgement_top.v:]
WARNING: [filemgmt 56-199] Attempt to get parsing info during refresh. "On-the-fly" syntax checking information may be incorrect. [E:\FPGA\nowone\SnakeGame\SnakeGame.srcs\sources_1\new\snake_mem_control.v:]
WARNING: [filemgmt 56-199] Attempt to get parsing info during refresh. "On-the-fly" syntax checking information may be incorrect. [E:\FPGA\nowone\SnakeGame\SnakeGame.srcs\sources_1\new\food_gen.v:]
WARNING: [filemgmt 56-199] Attempt to get parsing info during refresh. "On-the-fly" syntax checking information may be incorrect. [E:\FPGA\nowone\SnakeGame\SnakeGame.srcs\sources_1\imports\new\pixel_thresholding_satisfied.v:]
WARNING: [filemgmt 56-199] Attempt to get parsing info during refresh. "On-the-fly" syntax checking information may be incorrect. [E:\FPGA\nowone\SnakeGame\SnakeGame.srcs\sources_1\new\food_eat.v:]
WARNING: [filemgmt 56-199] Attempt to get parsing info during refresh. "On-the-fly" syntax checking information may be incorrect. [E:\FPGA\nowone\SnakeGame\SnakeGame.srcs\sources_1\imports\new\vga_driver.v:]
WARNING: [filemgmt 56-199] Attempt to get parsing info during refresh. "On-the-fly" syntax checking information may be incorrect. [E:\FPGA\nowone\SnakeGame\SnakeGame.srcs\sources_1\new\drawing.v:]
WARNING: [filemgmt 56-199] Attempt to get parsing info during refresh. "On-the-fly" syntax checking information may be incorrect. [E:\FPGA\nowone\SnakeGame\SnakeGame.srcs\sources_1\new\game_state.v:]
WARNING: [filemgmt 56-199] Attempt to get parsing info during refresh. "On-the-fly" syntax checking information may be incorrect. [E:\FPGA\nowone\SnakeGame\SnakeGame.srcs\sources_1\new\state.v:]
WARNING: [filemgmt 56-199] Attempt to get parsing info during refresh. "On-the-fly" syntax checking information may be incorrect. [E:\FPGA\nowone\SnakeGame\SnakeGame.srcs\sources_1\new\track_update.v:]
WARNING: [filemgmt 56-199] Attempt to get parsing info during refresh. "On-the-fly" syntax checking information may be incorrect. [E:\FPGA\nowone\SnakeGame\SnakeGame.srcs\sources_1\new\vga_gen.v:]
WARNING: [filemgmt 56-199] Attempt to get parsing info during refresh. "On-the-fly" syntax checking information may be incorrect. [E:\FPGA\nowone\SnakeGame\SnakeGame.srcs\sources_1\imports\new\hand_cordinate_processing.v:]
WARNING: [filemgmt 56-199] Attempt to get parsing info during refresh. "On-the-fly" syntax checking information may be incorrect. [E:\FPGA\nowone\SnakeGame\SnakeGame.srcs\sources_1\imports\new\direction_judgement_top.v:]
WARNING: [filemgmt 56-199] Attempt to get parsing info during refresh. "On-the-fly" syntax checking information may be incorrect. [E:\FPGA\nowone\SnakeGame\SnakeGame.srcs\sources_1\new\snake_mem_control.v:]
WARNING: [filemgmt 56-199] Attempt to get parsing info during refresh. "On-the-fly" syntax checking information may be incorrect. [E:\FPGA\nowone\SnakeGame\SnakeGame.srcs\sources_1\new\food_gen.v:]
WARNING: [filemgmt 56-199] Attempt to get parsing info during refresh. "On-the-fly" syntax checking information may be incorrect. [E:\FPGA\nowone\SnakeGame\SnakeGame.srcs\sources_1\imports\new\pixel_thresholding_satisfied.v:]
WARNING: [filemgmt 56-199] Attempt to get parsing info during refresh. "On-the-fly" syntax checking information may be incorrect. [E:\FPGA\nowone\SnakeGame\SnakeGame.srcs\sources_1\new\food_eat.v:]
WARNING: [filemgmt 56-199] Attempt to get parsing info during refresh. "On-the-fly" syntax checking information may be incorrect. [E:\FPGA\nowone\SnakeGame\SnakeGame.srcs\sources_1\imports\new\vga_driver.v:]
WARNING: [filemgmt 56-199] Attempt to get parsing info during refresh. "On-the-fly" syntax checking information may be incorrect. [E:\FPGA\nowone\SnakeGame\SnakeGame.srcs\sources_1\new\drawing.v:]
WARNING: [filemgmt 56-199] Attempt to get parsing info during refresh. "On-the-fly" syntax checking information may be incorrect. [E:\FPGA\nowone\SnakeGame\SnakeGame.srcs\sources_1\new\game_state.v:]
WARNING: [filemgmt 56-199] Attempt to get parsing info during refresh. "On-the-fly" syntax checking information may be incorrect. [E:\FPGA\nowone\SnakeGame\SnakeGame.srcs\sources_1\new\state.v:]
WARNING: [filemgmt 56-199] Attempt to get parsing info during refresh. "On-the-fly" syntax checking information may be incorrect. [E:\FPGA\nowone\SnakeGame\SnakeGame.srcs\sources_1\new\track_update.v:]
WARNING: [filemgmt 56-199] Attempt to get parsing info during refresh. "On-the-fly" syntax checking information may be incorrect. [E:\FPGA\nowone\SnakeGame\SnakeGame.srcs\sources_1\new\vga_gen.v:]
WARNING: [filemgmt 56-199] Attempt to get parsing info during refresh. "On-the-fly" syntax checking information may be incorrect. [E:\FPGA\nowone\SnakeGame\SnakeGame.srcs\sources_1\imports\new\hand_cordinate_processing.v:]
WARNING: [filemgmt 56-199] Attempt to get parsing info during refresh. "On-the-fly" syntax checking information may be incorrect. [E:\FPGA\nowone\SnakeGame\SnakeGame.srcs\sources_1\imports\new\direction_judgement_top.v:]
WARNING: [filemgmt 56-199] Attempt to get parsing info during refresh. "On-the-fly" syntax checking information may be incorrect. [E:\FPGA\nowone\SnakeGame\SnakeGame.srcs\sources_1\new\snake_mem_control.v:]
WARNING: [filemgmt 56-199] Attempt to get parsing info during refresh. "On-the-fly" syntax checking information may be incorrect. [E:\FPGA\nowone\SnakeGame\SnakeGame.srcs\sources_1\new\food_gen.v:]
WARNING: [filemgmt 56-199] Attempt to get parsing info during refresh. "On-the-fly" syntax checking information may be incorrect. [E:\FPGA\nowone\SnakeGame\SnakeGame.srcs\sources_1\imports\new\pixel_thresholding_satisfied.v:]
WARNING: [filemgmt 56-199] Attempt to get parsing info during refresh. "On-the-fly" syntax checking information may be incorrect. [E:\FPGA\nowone\SnakeGame\SnakeGame.srcs\sources_1\new\food_eat.v:]
WARNING: [filemgmt 56-199] Attempt to get parsing info during refresh. "On-the-fly" syntax checking information may be incorrect. [E:\FPGA\nowone\SnakeGame\SnakeGame.srcs\sources_1\imports\new\vga_driver.v:]
WARNING: [filemgmt 56-199] Attempt to get parsing info during refresh. "On-the-fly" syntax checking information may be incorrect. [E:\FPGA\nowone\SnakeGame\SnakeGame.srcs\sources_1\new\drawing.v:]
WARNING: [filemgmt 56-199] Attempt to get parsing info during refresh. "On-the-fly" syntax checking information may be incorrect. [E:\FPGA\nowone\SnakeGame\SnakeGame.srcs\sources_1\new\game_state.v:]
WARNING: [filemgmt 56-199] Attempt to get parsing info during refresh. "On-the-fly" syntax checking information may be incorrect. [E:\FPGA\nowone\SnakeGame\SnakeGame.srcs\sources_1\new\state.v:]
WARNING: [filemgmt 56-199] Attempt to get parsing info during refresh. "On-the-fly" syntax checking information may be incorrect. [E:\FPGA\nowone\SnakeGame\SnakeGame.srcs\sources_1\new\track_update.v:]
WARNING: [filemgmt 56-199] Attempt to get parsing info during refresh. "On-the-fly" syntax checking information may be incorrect. [E:\FPGA\nowone\SnakeGame\SnakeGame.srcs\sources_1\new\vga_gen.v:]
WARNING: [filemgmt 56-199] Attempt to get parsing info during refresh. "On-the-fly" syntax checking information may be incorrect. [E:\FPGA\nowone\SnakeGame\SnakeGame.srcs\sources_1\imports\new\hand_cordinate_processing.v:]
WARNING: [filemgmt 56-199] Attempt to get parsing info during refresh. "On-the-fly" syntax checking information may be incorrect. [E:\FPGA\nowone\SnakeGame\SnakeGame.srcs\sources_1\imports\new\direction_judgement_top.v:]
WARNING: [filemgmt 56-199] Attempt to get parsing info during refresh. "On-the-fly" syntax checking information may be incorrect. [E:\FPGA\nowone\SnakeGame\SnakeGame.srcs\sources_1\new\snake_mem_control.v:]
WARNING: [filemgmt 56-199] Attempt to get parsing info during refresh. "On-the-fly" syntax checking information may be incorrect. [E:\FPGA\nowone\SnakeGame\SnakeGame.srcs\sources_1\new\food_gen.v:]
WARNING: [filemgmt 56-199] Attempt to get parsing info during refresh. "On-the-fly" syntax checking information may be incorrect. [E:\FPGA\nowone\SnakeGame\SnakeGame.srcs\sources_1\imports\new\pixel_thresholding_satisfied.v:]
WARNING: [filemgmt 56-199] Attempt to get parsing info during refresh. "On-the-fly" syntax checking information may be incorrect. [E:\FPGA\nowone\SnakeGame\SnakeGame.srcs\sources_1\new\food_eat.v:]
WARNING: [filemgmt 56-199] Attempt to get parsing info during refresh. "On-the-fly" syntax checking information may be incorrect. [E:\FPGA\nowone\SnakeGame\SnakeGame.srcs\sources_1\imports\new\vga_driver.v:]
WARNING: [filemgmt 56-199] Attempt to get parsing info during refresh. "On-the-fly" syntax checking information may be incorrect. [E:\FPGA\nowone\SnakeGame\SnakeGame.srcs\sources_1\new\drawing.v:]
WARNING: [filemgmt 56-199] Attempt to get parsing info during refresh. "On-the-fly" syntax checking information may be incorrect. [E:\FPGA\nowone\SnakeGame\SnakeGame.srcs\sources_1\new\game_state.v:]
WARNING: [filemgmt 56-199] Attempt to get parsing info during refresh. "On-the-fly" syntax checking information may be incorrect. [E:\FPGA\nowone\SnakeGame\SnakeGame.srcs\sources_1\new\state.v:]
WARNING: [filemgmt 56-199] Attempt to get parsing info during refresh. "On-the-fly" syntax checking information may be incorrect. [E:\FPGA\nowone\SnakeGame\SnakeGame.srcs\sources_1\new\track_update.v:]
WARNING: [filemgmt 56-199] Attempt to get parsing info during refresh. "On-the-fly" syntax checking information may be incorrect. [E:\FPGA\nowone\SnakeGame\SnakeGame.srcs\sources_1\new\vga_gen.v:]
WARNING: [filemgmt 56-199] Attempt to get parsing info during refresh. "On-the-fly" syntax checking information may be incorrect. [E:\FPGA\nowone\SnakeGame\SnakeGame.srcs\sources_1\imports\new\hand_cordinate_processing.v:]
WARNING: [filemgmt 56-199] Attempt to get parsing info during refresh. "On-the-fly" syntax checking information may be incorrect. [E:\FPGA\nowone\SnakeGame\SnakeGame.srcs\sources_1\imports\new\direction_judgement_top.v:]
WARNING: [filemgmt 56-199] Attempt to get parsing info during refresh. "On-the-fly" syntax checking information may be incorrect. [E:\FPGA\nowone\SnakeGame\SnakeGame.srcs\sources_1\new\snake_mem_control.v:]
WARNING: [filemgmt 56-199] Attempt to get parsing info during refresh. "On-the-fly" syntax checking information may be incorrect. [E:\FPGA\nowone\SnakeGame\SnakeGame.srcs\sources_1\new\food_gen.v:]
WARNING: [filemgmt 56-199] Attempt to get parsing info during refresh. "On-the-fly" syntax checking information may be incorrect. [E:\FPGA\nowone\SnakeGame\SnakeGame.srcs\sources_1\imports\new\pixel_thresholding_satisfied.v:]
WARNING: [filemgmt 56-199] Attempt to get parsing info during refresh. "On-the-fly" syntax checking information may be incorrect. [E:\FPGA\nowone\SnakeGame\SnakeGame.srcs\sources_1\new\food_eat.v:]
WARNING: [filemgmt 56-199] Attempt to get parsing info during refresh. "On-the-fly" syntax checking information may be incorrect. [E:\FPGA\nowone\SnakeGame\SnakeGame.srcs\sources_1\imports\new\vga_driver.v:]
WARNING: [filemgmt 56-199] Attempt to get parsing info during refresh. "On-the-fly" syntax checking information may be incorrect. [E:\FPGA\nowone\SnakeGame\SnakeGame.srcs\sources_1\new\drawing.v:]
WARNING: [filemgmt 56-199] Attempt to get parsing info during refresh. "On-the-fly" syntax checking information may be incorrect. [E:\FPGA\nowone\SnakeGame\SnakeGame.srcs\sources_1\new\game_state.v:]
WARNING: [filemgmt 56-199] Attempt to get parsing info during refresh. "On-the-fly" syntax checking information may be incorrect. [E:\FPGA\nowone\SnakeGame\SnakeGame.srcs\sources_1\new\state.v:]
WARNING: [filemgmt 56-199] Attempt to get parsing info during refresh. "On-the-fly" syntax checking information may be incorrect. [E:\FPGA\nowone\SnakeGame\SnakeGame.srcs\sources_1\new\track_update.v:]
WARNING: [filemgmt 56-199] Attempt to get parsing info during refresh. "On-the-fly" syntax checking information may be incorrect. [E:\FPGA\nowone\SnakeGame\SnakeGame.srcs\sources_1\new\vga_gen.v:]
WARNING: [filemgmt 56-199] Attempt to get parsing info during refresh. "On-the-fly" syntax checking information may be incorrect. [E:\FPGA\nowone\SnakeGame\SnakeGame.srcs\sources_1\imports\new\hand_cordinate_processing.v:]
WARNING: [filemgmt 56-199] Attempt to get parsing info during refresh. "On-the-fly" syntax checking information may be incorrect. [E:\FPGA\nowone\SnakeGame\SnakeGame.srcs\sources_1\imports\new\direction_judgement_top.v:]
WARNING: [filemgmt 56-199] Attempt to get parsing info during refresh. "On-the-fly" syntax checking information may be incorrect. [E:\FPGA\nowone\SnakeGame\SnakeGame.srcs\sources_1\new\snake_mem_control.v:]
WARNING: [filemgmt 56-199] Attempt to get parsing info during refresh. "On-the-fly" syntax checking information may be incorrect. [E:\FPGA\nowone\SnakeGame\SnakeGame.srcs\sources_1\new\food_gen.v:]
WARNING: [filemgmt 56-199] Attempt to get parsing info during refresh. "On-the-fly" syntax checking information may be incorrect. [E:\FPGA\nowone\SnakeGame\SnakeGame.srcs\sources_1\imports\new\pixel_thresholding_satisfied.v:]
WARNING: [filemgmt 56-199] Attempt to get parsing info during refresh. "On-the-fly" syntax checking information may be incorrect. [E:\FPGA\nowone\SnakeGame\SnakeGame.srcs\sources_1\new\food_eat.v:]
WARNING: [filemgmt 56-199] Attempt to get parsing info during refresh. "On-the-fly" syntax checking information may be incorrect. [E:\FPGA\nowone\SnakeGame\SnakeGame.srcs\sources_1\imports\new\vga_driver.v:]
WARNING: [filemgmt 56-199] Attempt to get parsing info during refresh. "On-the-fly" syntax checking information may be incorrect. [E:\FPGA\nowone\SnakeGame\SnakeGame.srcs\sources_1\new\drawing.v:]
WARNING: [filemgmt 56-199] Attempt to get parsing info during refresh. "On-the-fly" syntax checking information may be incorrect. [E:\FPGA\nowone\SnakeGame\SnakeGame.srcs\sources_1\new\game_state.v:]
WARNING: [filemgmt 56-199] Attempt to get parsing info during refresh. "On-the-fly" syntax checking information may be incorrect. [E:\FPGA\nowone\SnakeGame\SnakeGame.srcs\sources_1\new\state.v:]
WARNING: [filemgmt 56-199] Attempt to get parsing info during refresh. "On-the-fly" syntax checking information may be incorrect. [E:\FPGA\nowone\SnakeGame\SnakeGame.srcs\sources_1\new\track_update.v:]
WARNING: [filemgmt 56-199] Attempt to get parsing info during refresh. "On-the-fly" syntax checking information may be incorrect. [E:\FPGA\nowone\SnakeGame\SnakeGame.srcs\sources_1\new\vga_gen.v:]
WARNING: [filemgmt 56-199] Attempt to get parsing info during refresh. "On-the-fly" syntax checking information may be incorrect. [E:\FPGA\nowone\SnakeGame\SnakeGame.srcs\sources_1\imports\new\hand_cordinate_processing.v:]
WARNING: [filemgmt 56-199] Attempt to get parsing info during refresh. "On-the-fly" syntax checking information may be incorrect. [E:\FPGA\nowone\SnakeGame\SnakeGame.srcs\sources_1\imports\new\direction_judgement_top.v:]
WARNING: [filemgmt 56-199] Attempt to get parsing info during refresh. "On-the-fly" syntax checking information may be incorrect. [E:\FPGA\nowone\SnakeGame\SnakeGame.srcs\sources_1\new\snake_mem_control.v:]
WARNING: [filemgmt 56-199] Attempt to get parsing info during refresh. "On-the-fly" syntax checking information may be incorrect. [E:\FPGA\nowone\SnakeGame\SnakeGame.srcs\sources_1\new\food_gen.v:]
WARNING: [filemgmt 56-199] Attempt to get parsing info during refresh. "On-the-fly" syntax checking information may be incorrect. [E:\FPGA\nowone\SnakeGame\SnakeGame.srcs\sources_1\imports\new\pixel_thresholding_satisfied.v:]
WARNING: [filemgmt 56-199] Attempt to get parsing info during refresh. "On-the-fly" syntax checking information may be incorrect. [E:\FPGA\nowone\SnakeGame\SnakeGame.srcs\sources_1\new\food_eat.v:]
WARNING: [filemgmt 56-199] Attempt to get parsing info during refresh. "On-the-fly" syntax checking information may be incorrect. [E:\FPGA\nowone\SnakeGame\SnakeGame.srcs\sources_1\imports\new\vga_driver.v:]
WARNING: [filemgmt 56-199] Attempt to get parsing info during refresh. "On-the-fly" syntax checking information may be incorrect. [E:\FPGA\nowone\SnakeGame\SnakeGame.srcs\sources_1\new\drawing.v:]
WARNING: [filemgmt 56-199] Attempt to get parsing info during refresh. "On-the-fly" syntax checking information may be incorrect. [E:\FPGA\nowone\SnakeGame\SnakeGame.srcs\sources_1\new\game_state.v:]
WARNING: [filemgmt 56-199] Attempt to get parsing info during refresh. "On-the-fly" syntax checking information may be incorrect. [E:\FPGA\nowone\SnakeGame\SnakeGame.srcs\sources_1\new\state.v:]
WARNING: [filemgmt 56-199] Attempt to get parsing info during refresh. "On-the-fly" syntax checking information may be incorrect. [E:\FPGA\nowone\SnakeGame\SnakeGame.srcs\sources_1\new\track_update.v:]
WARNING: [filemgmt 56-199] Attempt to get parsing info during refresh. "On-the-fly" syntax checking information may be incorrect. [E:\FPGA\nowone\SnakeGame\SnakeGame.srcs\sources_1\new\vga_gen.v:]
WARNING: [filemgmt 56-199] Attempt to get parsing info during refresh. "On-the-fly" syntax checking information may be incorrect. [E:\FPGA\nowone\SnakeGame\SnakeGame.srcs\sources_1\imports\new\hand_cordinate_processing.v:]
WARNING: [filemgmt 56-199] Attempt to get parsing info during refresh. "On-the-fly" syntax checking information may be incorrect. [E:\FPGA\nowone\SnakeGame\SnakeGame.srcs\sources_1\imports\new\direction_judgement_top.v:]
WARNING: [filemgmt 56-199] Attempt to get parsing info during refresh. "On-the-fly" syntax checking information may be incorrect. [E:\FPGA\nowone\SnakeGame\SnakeGame.srcs\sources_1\new\snake_mem_control.v:]
WARNING: [filemgmt 56-199] Attempt to get parsing info during refresh. "On-the-fly" syntax checking information may be incorrect. [E:\FPGA\nowone\SnakeGame\SnakeGame.srcs\sources_1\new\food_gen.v:]
WARNING: [filemgmt 56-199] Attempt to get parsing info during refresh. "On-the-fly" syntax checking information may be incorrect. [E:\FPGA\nowone\SnakeGame\SnakeGame.srcs\sources_1\imports\new\pixel_thresholding_satisfied.v:]
WARNING: [filemgmt 56-199] Attempt to get parsing info during refresh. "On-the-fly" syntax checking information may be incorrect. [E:\FPGA\nowone\SnakeGame\SnakeGame.srcs\sources_1\new\food_eat.v:]
WARNING: [filemgmt 56-199] Attempt to get parsing info during refresh. "On-the-fly" syntax checking information may be incorrect. [E:\FPGA\nowone\SnakeGame\SnakeGame.srcs\sources_1\imports\new\vga_driver.v:]
WARNING: [filemgmt 56-199] Attempt to get parsing info during refresh. "On-the-fly" syntax checking information may be incorrect. [E:\FPGA\nowone\SnakeGame\SnakeGame.srcs\sources_1\new\drawing.v:]
WARNING: [filemgmt 56-199] Attempt to get parsing info during refresh. "On-the-fly" syntax checking information may be incorrect. [E:\FPGA\nowone\SnakeGame\SnakeGame.srcs\sources_1\new\game_state.v:]
WARNING: [filemgmt 56-199] Attempt to get parsing info during refresh. "On-the-fly" syntax checking information may be incorrect. [E:\FPGA\nowone\SnakeGame\SnakeGame.srcs\sources_1\new\state.v:]
INFO: [Common 17-14] Message 'filemgmt 56-199' appears 100 times and further instances of the messages will be disabled. Use the Tcl command set_msg_config to change the current settings.
ERROR: [Common 17-180] Spawn failed: No error
open_hw_manager
connect_hw_server -allow_non_jtag
INFO: [Labtools 27-2285] Connecting to hw_server url TCP:localhost:3121
INFO: [Labtools 27-2222] Launching hw_server...
INFO: [Labtools 27-2221] Launch Output:

****** Xilinx hw_server v2022.2
  **** Build date : Oct 14 2022 at 05:18:10
    ** Copyright 1986-2022 Xilinx, Inc. All Rights Reserved.


INFO: [Labtools 27-3415] Connecting to cs_server url TCP:localhost:0
INFO: [Labtools 27-3417] Launching cs_server...
INFO: [Labtools 27-2221] Launch Output:


******** Xilinx cs_server v2022.2.0
  ****** Build date   : Oct 05 2022-07:25:37
    **** Build number : 2022.2.1664925937
      ** Copyright 2017-2023 Xilinx, Inc. All Rights Reserved.



connect_hw_server: Time (s): cpu = 00:00:01 ; elapsed = 00:00:06 . Memory (MB): peak = 5964.246 ; gain = 0.000
open_hw_target
INFO: [Labtoolstcl 44-466] Opening hw_target localhost:3121/xilinx_tcf/Digilent/210183ACA2D0A
set_property PROGRAM.FILE {E:/FPGA/nowone/SnakeGame/SnakeGame.runs/impl_1/direction_judgement_top.bit} [get_hw_devices xc7a35t_0]
current_hw_device [get_hw_devices xc7a35t_0]
refresh_hw_device -update_hw_probes false [lindex [get_hw_devices xc7a35t_0] 0]
INFO: [Labtools 27-1434] Device xc7a35t (JTAG device index = 0) is programmed with a design that has no supported debug core(s) in it.
create_hw_cfgmem -hw_device [lindex [get_hw_devices xc7a35t_0] 0] [lindex [get_cfgmem_parts {mx25l3273f-spi-x1_x2_x4}] 0]
set_property PROGRAM.BLANK_CHECK  0 [ get_property PROGRAM.HW_CFGMEM [lindex [get_hw_devices xc7a35t_0] 0]]
set_property PROGRAM.ERASE  1 [ get_property PROGRAM.HW_CFGMEM [lindex [get_hw_devices xc7a35t_0] 0]]
set_property PROGRAM.CFG_PROGRAM  1 [ get_property PROGRAM.HW_CFGMEM [lindex [get_hw_devices xc7a35t_0] 0]]
set_property PROGRAM.VERIFY  1 [ get_property PROGRAM.HW_CFGMEM [lindex [get_hw_devices xc7a35t_0] 0]]
set_property PROGRAM.CHECKSUM  0 [ get_property PROGRAM.HW_CFGMEM [lindex [get_hw_devices xc7a35t_0] 0]]
refresh_hw_device [lindex [get_hw_devices xc7a35t_0] 0]
INFO: [Labtools 27-1434] Device xc7a35t (JTAG device index = 0) is programmed with a design that has no supported debug core(s) in it.
close_hw_manager
startgroup
set_property BITSTREAM.GENERAL.COMPRESS TRUE [get_designs impl_1]
set_property BITSTREAM.CONFIG.CONFIGRATE 33 [get_designs impl_1]
set_property config_mode SPIx4 [current_design]
endgroup
open_hw_manager
connect_hw_server -allow_non_jtag
INFO: [Labtools 27-2285] Connecting to hw_server url TCP:localhost:3121
INFO: [Labtools 27-2222] Launching hw_server...
INFO: [Labtools 27-2221] Launch Output:

****** Xilinx hw_server v2022.2
  **** Build date : Oct 14 2022 at 05:18:10
    ** Copyright 1986-2022 Xilinx, Inc. All Rights Reserved.


INFO: [Labtools 27-3415] Connecting to cs_server url TCP:localhost:0
INFO: [Labtools 27-3417] Launching cs_server...
INFO: [Labtools 27-2221] Launch Output:


******** Xilinx cs_server v2022.2.0
  ****** Build date   : Oct 05 2022-07:25:37
    **** Build number : 2022.2.1664925937
      ** Copyright 2017-2023 Xilinx, Inc. All Rights Reserved.



connect_hw_server: Time (s): cpu = 00:00:01 ; elapsed = 00:00:07 . Memory (MB): peak = 5964.840 ; gain = 0.000
open_hw_target
INFO: [Labtoolstcl 44-466] Opening hw_target localhost:3121/xilinx_tcf/Digilent/210183ACA2D0A
set_property PROGRAM.FILE {E:/FPGA/nowone/SnakeGame/SnakeGame.runs/impl_1/direction_judgement_top.bit} [get_hw_devices xc7a35t_0]
current_hw_device [get_hw_devices xc7a35t_0]
refresh_hw_device -update_hw_probes false [lindex [get_hw_devices xc7a35t_0] 0]
INFO: [Labtools 27-1434] Device xc7a35t (JTAG device index = 0) is programmed with a design that has no supported debug core(s) in it.
create_hw_cfgmem -hw_device [get_hw_devices xc7a35t_0] -mem_dev [lindex [get_cfgmem_parts {mx25l3273f-spi-x1_x2_x4}] 0]
save_constraints -force
reset_run synth_1
INFO: [Project 1-1161] Replacing file E:/FPGA/nowone/SnakeGame/SnakeGame.srcs/utils_1/imports/synth_1/track_update.dcp with file E:/FPGA/nowone/SnakeGame/SnakeGame.runs/synth_1/direction_judgement_top.dcp
launch_runs impl_1 -to_step write_bitstream -jobs 16
[Mon Jun  5 11:43:54 2023] Launched synth_1...
Run output will be captured here: E:/FPGA/nowone/SnakeGame/SnakeGame.runs/synth_1/runme.log
[Mon Jun  5 11:43:54 2023] Launched impl_1...
Run output will be captured here: E:/FPGA/nowone/SnakeGame/SnakeGame.runs/impl_1/runme.log
set_property PROGRAM.ADDRESS_RANGE  {use_file} [ get_property PROGRAM.HW_CFGMEM [lindex [get_hw_devices xc7a35t_0] 0]]
set_property PROGRAM.FILES [list "E:/FPGA/nowone/SnakeGame/SnakeGame.runs/impl_1/direction_judgement_top.bin" ] [ get_property PROGRAM.HW_CFGMEM [lindex [get_hw_devices xc7a35t_0] 0]]
set_property PROGRAM.PRM_FILE {} [ get_property PROGRAM.HW_CFGMEM [lindex [get_hw_devices xc7a35t_0] 0]]
set_property PROGRAM.UNUSED_PIN_TERMINATION {pull-none} [ get_property PROGRAM.HW_CFGMEM [lindex [get_hw_devices xc7a35t_0] 0]]
set_property PROGRAM.BLANK_CHECK  0 [ get_property PROGRAM.HW_CFGMEM [lindex [get_hw_devices xc7a35t_0] 0]]
set_property PROGRAM.ERASE  1 [ get_property PROGRAM.HW_CFGMEM [lindex [get_hw_devices xc7a35t_0] 0]]
set_property PROGRAM.CFG_PROGRAM  1 [ get_property PROGRAM.HW_CFGMEM [lindex [get_hw_devices xc7a35t_0] 0]]
set_property PROGRAM.VERIFY  1 [ get_property PROGRAM.HW_CFGMEM [lindex [get_hw_devices xc7a35t_0] 0]]
set_property PROGRAM.CHECKSUM  0 [ get_property PROGRAM.HW_CFGMEM [lindex [get_hw_devices xc7a35t_0] 0]]
startgroup 
create_hw_bitstream -hw_device [lindex [get_hw_devices xc7a35t_0] 0] [get_property PROGRAM.HW_CFGMEM_BITFILE [ lindex [get_hw_devices xc7a35t_0] 0]]; program_hw_devices [lindex [get_hw_devices xc7a35t_0] 0]; refresh_hw_device [lindex [get_hw_devices xc7a35t_0] 0];
INFO: [Labtools 27-3164] End of startup status: HIGH
INFO: [Labtools 27-2302] Device xc7a35t (JTAG device index = 0) is programmed with a design that has 1 SPI core(s).
program_hw_cfgmem -hw_cfgmem [ get_property PROGRAM.HW_CFGMEM [lindex [get_hw_devices xc7a35t_0] 0]]
Mfg ID : c2   Memory Type : 20   Memory Capacity : 16   Device ID 1 : 0   Device ID 2 : 0
Performing Erase Operation...
Erase Operation successful.
Performing Program and Verify Operations...
Program/Verify Operation successful.
INFO: [Labtoolstcl 44-377] Flash programming completed successfully
program_hw_cfgmem: Time (s): cpu = 00:00:03 ; elapsed = 00:00:42 . Memory (MB): peak = 6000.371 ; gain = 23.941
endgroup
ERROR: [Labtoolstcl 44-513] HW Target shutdown. Closing target: localhost:3121/xilinx_tcf/Digilent/210183ACA2D0A
exit
INFO: [Common 17-206] Exiting Vivado at Mon Jun  5 11:53:43 2023...
