Vivado Simulator v2022.2
Copyright 1986-1999, 2001-2022 Xilinx, Inc. All Rights Reserved.
Running: E:/Xilinx/Vivado/2022.2/bin/unwrapped/win64.o/xelab.exe --incr --debug typical --relax --mt 2 -L xil_defaultlib -L dist_mem_gen_v8_0_13 -L xbip_utils_v3_0_10 -L c_reg_fd_v12_0_6 -L xbip_dsp48_wrapper_v3_0_4 -L xbip_pipe_v3_0_6 -L xbip_dsp48_addsub_v3_0_6 -L xbip_addsub_v3_0_6 -L c_addsub_v12_0_14 -L xbip_bram18k_v3_0_6 -L mult_gen_v12_0_18 -L axi_utils_v2_0_6 -L cordic_v6_0_18 -L unisims_ver -L unimacro_ver -L secureip -L xpm --snapshot track_update_tb_behav xil_defaultlib.track_update_tb xil_defaultlib.glbl -log elaborate.log 
Using 2 slave threads.
Starting static elaboration
Pass Through NonSizing Optimizer
WARNING: [VRFC 10-9380] size mismatch in mixed-language port association of VHDL port 's_axis_cartesian_tvalid' [E:/FPGA/nowone/SnakeGame/SnakeGame.srcs/sources_1/new/root.v:31]
WARNING: [VRFC 10-3091] actual bit length 10 differs from formal bit length 8 for port 'hand_x_temp' [E:/FPGA/nowone/SnakeGame/SnakeGame.srcs/sim_1/new/track_update_tb.v:41]
WARNING: [VRFC 10-3091] actual bit length 10 differs from formal bit length 8 for port 'hand_y_temp' [E:/FPGA/nowone/SnakeGame/SnakeGame.srcs/sim_1/new/track_update_tb.v:42]
WARNING: [VRFC 10-3091] actual bit length 1 differs from formal bit length 8 for port 'collision' [E:/FPGA/nowone/SnakeGame/SnakeGame.srcs/sim_1/new/track_update_tb.v:43]
WARNING: [VRFC 10-5021] port 'total_state' is not connected on this instance [E:/FPGA/nowone/SnakeGame/SnakeGame.srcs/sim_1/new/track_update_tb.v:36]
Completed static elaboration
Starting simulation data flow analysis
Completed simulation data flow analysis
Time Resolution for simulation is 1ps
Compiling package std.standard
Compiling package std.textio
Compiling package ieee.std_logic_1164
Compiling package ieee.numeric_std
Compiling package cordic_v6_0_18.cordic_v6_0_18_viv_comp
Compiling package xbip_utils_v3_0_10.xbip_utils_v3_0_10_pkg
Compiling package xbip_pipe_v3_0_6.xbip_pipe_v3_0_6_viv_comp
Compiling package axi_utils_v2_0_6.axi_utils_v2_0_6_pkg
Compiling package ieee.math_real
Compiling package axi_utils_v2_0_6.global_util_pkg
Compiling package axi_utils_v2_0_6.axi_utils_comps
Compiling package mult_gen_v12_0_18.mult_gen_v12_0_18_pkg
Compiling package ieee.std_logic_arith
Compiling package ieee.std_logic_signed
Compiling package cordic_v6_0_18.cordic_pack
Compiling package cordic_v6_0_18.cordic_hdl_comps
Compiling package c_addsub_v12_0_14.c_addsub_v12_0_14_viv_comp
Compiling package xbip_addsub_v3_0_6.xbip_addsub_v3_0_6_viv_comp
Compiling package c_addsub_v12_0_14.c_addsub_v12_0_14_pkg
Compiling package c_addsub_v12_0_14.c_addsub_v12_0_14_pkg_legacy
Compiling package c_reg_fd_v12_0_6.c_reg_fd_v12_0_6_viv_comp
Compiling package unisim.vcomponents
Compiling module dist_mem_gen_v8_0_13.dist_mem_gen_v8_0_13(C_FAMILY="a...
Compiling module xil_defaultlib.dist_mem_gen_0
Compiling module xil_defaultlib.snake_men_control
Compiling architecture synth of entity xbip_pipe_v3_0_6.xbip_pipe_v3_0_6_viv [\xbip_pipe_v3_0_6_viv(c_latency=...]
Compiling architecture struct_all of entity cordic_v6_0_18.delay [\delay(delay_len=1,family="artix...]
Compiling architecture muxcy_v of entity unisim.MUXCY [muxcy_default]
Compiling architecture xorcy_v of entity unisim.XORCY [xorcy_default]
Compiling architecture rtl of entity c_addsub_v12_0_14.c_addsub_v12_0_14_lut6_legacy [\c_addsub_v12_0_14_lut6_legacy(c...]
Compiling architecture synth of entity c_addsub_v12_0_14.c_addsub_v12_0_14_fabric_legacy [\c_addsub_v12_0_14_fabric_legacy...]
Compiling architecture synth of entity c_addsub_v12_0_14.c_addsub_v12_0_14_legacy [\c_addsub_v12_0_14_legacy(c_fami...]
Compiling architecture synth of entity c_addsub_v12_0_14.c_addsub_v12_0_14_viv [\c_addsub_v12_0_14_viv(c_xdevice...]
Compiling architecture synth of entity cordic_v6_0_18.addsub [\addsub(family="artix7",add_mode...]
Compiling architecture struct_all of entity cordic_v6_0_18.delay [\delay(delay_len=1,family="artix...]
Compiling architecture struct_all of entity cordic_v6_0_18.delay [\delay(delay_len=3,family="artix...]
Compiling architecture synth of entity cordic_v6_0_18.cordic_sqrt_mod [\cordic_sqrt_mod(p_xdevicefamily...]
Compiling architecture struct_all of entity cordic_v6_0_18.delay [\delay(delay_len=1,family="artix...]
Compiling architecture rtl of entity c_addsub_v12_0_14.c_addsub_v12_0_14_lut6_legacy [\c_addsub_v12_0_14_lut6_legacy(c...]
Compiling architecture synth of entity c_addsub_v12_0_14.c_addsub_v12_0_14_fabric_legacy [\c_addsub_v12_0_14_fabric_legacy...]
Compiling architecture synth of entity c_addsub_v12_0_14.c_addsub_v12_0_14_legacy [\c_addsub_v12_0_14_legacy(c_fami...]
Compiling architecture synth of entity c_addsub_v12_0_14.c_addsub_v12_0_14_viv [\c_addsub_v12_0_14_viv(c_xdevice...]
Compiling architecture synth of entity cordic_v6_0_18.addsub [\addsub(family="artix7",add_mode...]
Compiling architecture struct_all of entity cordic_v6_0_18.delay [\delay(delay_len=4,family="artix...]
Compiling architecture synth of entity cordic_v6_0_18.cordic_sqrt_mod [\cordic_sqrt_mod(p_xdevicefamily...]
Compiling architecture rtl of entity c_addsub_v12_0_14.c_addsub_v12_0_14_lut6_legacy [\c_addsub_v12_0_14_lut6_legacy(c...]
Compiling architecture synth of entity c_addsub_v12_0_14.c_addsub_v12_0_14_fabric_legacy [\c_addsub_v12_0_14_fabric_legacy...]
Compiling architecture synth of entity c_addsub_v12_0_14.c_addsub_v12_0_14_legacy [\c_addsub_v12_0_14_legacy(c_fami...]
Compiling architecture synth of entity c_addsub_v12_0_14.c_addsub_v12_0_14_viv [\c_addsub_v12_0_14_viv(c_xdevice...]
Compiling architecture synth of entity cordic_v6_0_18.addsub [\addsub(family="artix7",add_mode...]
Compiling architecture struct_all of entity cordic_v6_0_18.delay [\delay(delay_len=1,family="artix...]
Compiling architecture struct_all of entity cordic_v6_0_18.delay [\delay(delay_len=2,family="artix...]
Compiling architecture synth of entity cordic_v6_0_18.cordic_sqrt_mod [\cordic_sqrt_mod(p_xdevicefamily...]
Compiling architecture struct_all of entity cordic_v6_0_18.delay [\delay(delay_len=1,family="artix...]
Compiling architecture rtl of entity c_addsub_v12_0_14.c_addsub_v12_0_14_lut6_legacy [\c_addsub_v12_0_14_lut6_legacy(c...]
Compiling architecture synth of entity c_addsub_v12_0_14.c_addsub_v12_0_14_fabric_legacy [\c_addsub_v12_0_14_fabric_legacy...]
Compiling architecture synth of entity c_addsub_v12_0_14.c_addsub_v12_0_14_legacy [\c_addsub_v12_0_14_legacy(c_fami...]
Compiling architecture synth of entity c_addsub_v12_0_14.c_addsub_v12_0_14_viv [\c_addsub_v12_0_14_viv(c_xdevice...]
Compiling architecture synth of entity cordic_v6_0_18.addsub [\addsub(family="artix7",add_mode...]
Compiling architecture struct_all of entity cordic_v6_0_18.delay [\delay(delay_len=5,family="artix...]
Compiling architecture synth of entity cordic_v6_0_18.cordic_sqrt_mod [\cordic_sqrt_mod(p_xdevicefamily...]
Compiling architecture rtl of entity c_addsub_v12_0_14.c_addsub_v12_0_14_lut6_legacy [\c_addsub_v12_0_14_lut6_legacy(c...]
Compiling architecture synth of entity c_addsub_v12_0_14.c_addsub_v12_0_14_fabric_legacy [\c_addsub_v12_0_14_fabric_legacy...]
Compiling architecture synth of entity c_addsub_v12_0_14.c_addsub_v12_0_14_legacy [\c_addsub_v12_0_14_legacy(c_fami...]
Compiling architecture synth of entity c_addsub_v12_0_14.c_addsub_v12_0_14_viv [\c_addsub_v12_0_14_viv(c_xdevice...]
Compiling architecture synth of entity cordic_v6_0_18.addsub [\addsub(family="artix7",add_mode...]
Compiling architecture struct_all of entity cordic_v6_0_18.delay [\delay(delay_len=1,family="artix...]
Compiling architecture struct_all of entity cordic_v6_0_18.delay [\delay(delay_len=1,family="artix...]
Compiling architecture synth of entity cordic_v6_0_18.cordic_sqrt_mod [\cordic_sqrt_mod(p_xdevicefamily...]
Compiling architecture struct_all of entity cordic_v6_0_18.delay [\delay(delay_len=1,family="artix...]
Compiling architecture rtl of entity c_addsub_v12_0_14.c_addsub_v12_0_14_lut6_legacy [\c_addsub_v12_0_14_lut6_legacy(c...]
Compiling architecture synth of entity c_addsub_v12_0_14.c_addsub_v12_0_14_fabric_legacy [\c_addsub_v12_0_14_fabric_legacy...]
Compiling architecture synth of entity c_addsub_v12_0_14.c_addsub_v12_0_14_legacy [\c_addsub_v12_0_14_legacy(c_fami...]
Compiling architecture synth of entity c_addsub_v12_0_14.c_addsub_v12_0_14_viv [\c_addsub_v12_0_14_viv(c_xdevice...]
Compiling architecture synth of entity cordic_v6_0_18.addsub [\addsub(family="artix7",add_mode...]
Compiling architecture struct_all of entity cordic_v6_0_18.delay [\delay(delay_len=6,family="artix...]
Compiling architecture synth of entity cordic_v6_0_18.cordic_sqrt_mod [\cordic_sqrt_mod(p_xdevicefamily...]
Compiling architecture rtl of entity c_addsub_v12_0_14.c_addsub_v12_0_14_lut6_legacy [\c_addsub_v12_0_14_lut6_legacy(c...]
Compiling architecture synth of entity c_addsub_v12_0_14.c_addsub_v12_0_14_fabric_legacy [\c_addsub_v12_0_14_fabric_legacy...]
Compiling architecture synth of entity c_addsub_v12_0_14.c_addsub_v12_0_14_legacy [\c_addsub_v12_0_14_legacy(c_fami...]
Compiling architecture synth of entity c_addsub_v12_0_14.c_addsub_v12_0_14_viv [\c_addsub_v12_0_14_viv(c_xdevice...]
Compiling architecture synth of entity cordic_v6_0_18.addsub [\addsub(family="artix7",add_mode...]
Compiling architecture struct_all of entity cordic_v6_0_18.delay [\delay(delay_len=1,family="artix...]
Compiling architecture struct_all of entity cordic_v6_0_18.delay [\delay(delay_len=0,family="artix...]
Compiling architecture synth of entity cordic_v6_0_18.cordic_sqrt_mod [\cordic_sqrt_mod(p_xdevicefamily...]
Compiling architecture rtl of entity c_addsub_v12_0_14.c_addsub_v12_0_14_lut6_legacy [\c_addsub_v12_0_14_lut6_legacy(c...]
Compiling architecture synth of entity c_addsub_v12_0_14.c_addsub_v12_0_14_fabric_legacy [\c_addsub_v12_0_14_fabric_legacy...]
Compiling architecture synth of entity c_addsub_v12_0_14.c_addsub_v12_0_14_legacy [\c_addsub_v12_0_14_legacy(c_fami...]
Compiling architecture synth of entity c_addsub_v12_0_14.c_addsub_v12_0_14_viv [\c_addsub_v12_0_14_viv(c_xdevice...]
Compiling architecture synth of entity cordic_v6_0_18.addsub [\addsub(family="artix7",add_mode...]
Compiling architecture struct_all of entity cordic_v6_0_18.delay [\delay(delay_len=7,family="artix...]
Compiling architecture synth of entity cordic_v6_0_18.cordic_sqrt_mod [\cordic_sqrt_mod(p_xdevicefamily...]
Compiling architecture struct_all of entity cordic_v6_0_18.delay [\delay(delay_len=1,family="artix...]
Compiling architecture struct_all of entity cordic_v6_0_18.delay_bit [\delay_bit(delay_len=1,family="a...]
Compiling architecture struct_all of entity cordic_v6_0_18.delay_bit [\delay_bit(delay_len=8,family="a...]
Compiling architecture synth of entity cordic_v6_0_18.cordic_sqrt [\cordic_sqrt(p_xdevicefamily="ar...]
Compiling architecture synth of entity cordic_v6_0_18.cordic_v6_0_18_synth [\cordic_v6_0_18_synth(c_architec...]
Compiling architecture synth of entity cordic_v6_0_18.cordic_v6_0_18_viv [\cordic_v6_0_18_viv(c_architectu...]
Compiling architecture xilinx of entity cordic_v6_0_18.cordic_v6_0_18 [\cordic_v6_0_18(c_architecture=2...]
Compiling architecture sqrt_ip_arch of entity xil_defaultlib.sqrt_ip [sqrt_ip_default]
Compiling module xil_defaultlib.root
Compiling module dist_mem_gen_v8_0_13.dist_mem_gen_v8_0_13(C_FAMILY="a...
Compiling module xil_defaultlib.dist_mem_gen_1
Compiling module xil_defaultlib.draw_line
Compiling module xil_defaultlib.track_update
Compiling module xil_defaultlib.track_update_tb
Compiling module xil_defaultlib.glbl
Built simulation snapshot track_update_tb_behav
